[ 2015-05-30T01:17:39+08:00 ] ::1 /xingkong/
INFO: [ app_init ] --START--
INFO: Run Behavior\BuildLiteBehavior [ RunTime:0.000019s ]
INFO: [ app_init ] --END-- [ RunTime:0.000892s ]
INFO: [ app_begin ] --START--
INFO: Run Behavior\ReadHtmlCacheBehavior [ RunTime:0.001051s ]
INFO: [ app_begin ] --END-- [ RunTime:0.001155s ]
INFO: [ view_parse ] --START--
INFO: Run Behavior\ParseTemplateBehavior [ RunTime:0.000630s ]
INFO: [ view_parse ] --END-- [ RunTime:0.000738s ]
INFO: [ view_filter ] --START--
INFO: Run Behavior\WriteHtmlCacheBehavior [ RunTime:0.000196s ]
INFO: [ view_filter ] --END-- [ RunTime:0.000253s ]
INFO: [ app_end ] --START--
INFO: Run Behavior\ShowPageTraceBehavior [ RunTime:0.000572s ]
INFO: [ app_end ] --END-- [ RunTime:0.000631s ]

[ 2015-05-30T01:17:56+08:00 ] ::1 /xingkong/index.php
INFO: [ app_init ] --START--
INFO: Run Behavior\BuildLiteBehavior [ RunTime:0.000029s ]
INFO: [ app_init ] --END-- [ RunTime:0.000473s ]
INFO: [ app_begin ] --START--
INFO: Run Behavior\ReadHtmlCacheBehavior [ RunTime:0.000502s ]
INFO: [ app_begin ] --END-- [ RunTime:0.000587s ]
INFO: [ view_parse ] --START--
INFO: Run Behavior\ParseTemplateBehavior [ RunTime:0.000175s ]
INFO: [ view_parse ] --END-- [ RunTime:0.000242s ]
INFO: [ view_filter ] --START--
INFO: Run Behavior\WriteHtmlCacheBehavior [ RunTime:0.000131s ]
INFO: [ view_filter ] --END-- [ RunTime:0.000175s ]
INFO: [ app_end ] --START--
INFO: Run Behavior\ShowPageTraceBehavior [ RunTime:0.000521s ]
INFO: [ app_end ] --END-- [ RunTime:0.000574s ]

[ 2015-05-30T18:19:04+08:00 ] ::1 /xingkong/
INFO: [ app_init ] --START--
INFO: Run Behavior\BuildLiteBehavior [ RunTime:0.000023s ]
INFO: [ app_init ] --END-- [ RunTime:0.000723s ]
INFO: [ app_begin ] --START--
INFO: Run Behavior\ReadHtmlCacheBehavior [ RunTime:0.002825s ]
INFO: [ app_begin ] --END-- [ RunTime:0.002912s ]
INFO: [ view_parse ] --START--
INFO: Run Behavior\ParseTemplateBehavior [ RunTime:0.000589s ]
INFO: [ view_parse ] --END-- [ RunTime:0.000689s ]
INFO: [ view_filter ] --START--
INFO: Run Behavior\WriteHtmlCacheBehavior [ RunTime:0.000563s ]
INFO: [ view_filter ] --END-- [ RunTime:0.000649s ]
INFO: [ app_end ] --START--
INFO: Run Behavior\ShowPageTraceBehavior [ RunTime:0.001094s ]
INFO: [ app_end ] --END-- [ RunTime:0.001182s ]

[ 2015-05-30T18:24:37+08:00 ] ::1 /xingkong/index.php/Home/News
INFO: [ app_init ] --START--
INFO: Run Behavior\BuildLiteBehavior [ RunTime:0.000040s ]
INFO: [ app_init ] --END-- [ RunTime:0.000717s ]
INFO: [ app_begin ] --START--
INFO: Run Behavior\ReadHtmlCacheBehavior [ RunTime:0.000932s ]
INFO: [ app_begin ] --END-- [ RunTime:0.001044s ]
SQL: SHOW COLUMNS FROM `cns_category` [ RunTime:0.0028s ]
SQL: SELECT `id`,`name` FROM `cns_category` WHERE ( type = 1 and status = 1 )  [ RunTime:0.0004s ]
NOTIC: [8] Undefined offset: 0 /Applications/MAMP/htdocs/xingkong/Application/Home/Controller/NewsController.class.php 第 20 行.
SQL: SHOW COLUMNS FROM `cns_news` [ RunTime:0.0029s ]
SQL: SELECT COUNT(*) AS tp_count FROM `cns_news` WHERE `status` = 1 AND `cate_id` = null LIMIT 1   [ RunTime:0.0002s ]
SQL: SELECT `id`,`title`,`desc`,`create_time`,`face200` FROM `cns_news` WHERE `status` = 1 AND `cate_id` = null ORDER BY sort LIMIT 0,15   [ RunTime:0.0003s ]
INFO: [ view_parse ] --START--
INFO: [ template_filter ] --START--
INFO: Run Behavior\ContentReplaceBehavior [ RunTime:0.000075s ]
INFO: [ template_filter ] --END-- [ RunTime:0.000153s ]
NOTIC: [8] Undefined variable: titleL1 /Applications/MAMP/htdocs/xingkong/Application/Runtime/Cache/Home/3e24b471de08a8366f7660bb176a5e74.php 第 67 行.
INFO: Run Behavior\ParseTemplateBehavior [ RunTime:0.014780s ]
INFO: [ view_parse ] --END-- [ RunTime:0.014852s ]
INFO: [ view_filter ] --START--
INFO: Run Behavior\WriteHtmlCacheBehavior [ RunTime:0.000172s ]
INFO: [ view_filter ] --END-- [ RunTime:0.000227s ]
INFO: [ app_end ] --START--
INFO: Run Behavior\ShowPageTraceBehavior [ RunTime:0.000583s ]
INFO: [ app_end ] --END-- [ RunTime:0.000648s ]

[ 2015-05-30T18:25:15+08:00 ] ::1 /xingkong/
INFO: [ app_init ] --START--
INFO: Run Behavior\BuildLiteBehavior [ RunTime:0.000021s ]
INFO: [ app_init ] --END-- [ RunTime:0.000357s ]
INFO: [ app_begin ] --START--
INFO: Run Behavior\ReadHtmlCacheBehavior [ RunTime:0.000520s ]
INFO: [ app_begin ] --END-- [ RunTime:0.000593s ]
INFO: [ view_parse ] --START--
INFO: Run Behavior\ParseTemplateBehavior [ RunTime:0.000181s ]
INFO: [ view_parse ] --END-- [ RunTime:0.000246s ]
INFO: [ view_filter ] --START--
INFO: Run Behavior\WriteHtmlCacheBehavior [ RunTime:0.000237s ]
INFO: [ view_filter ] --END-- [ RunTime:0.000292s ]
INFO: [ app_end ] --START--
INFO: Run Behavior\ShowPageTraceBehavior [ RunTime:0.000611s ]
INFO: [ app_end ] --END-- [ RunTime:0.000700s ]

[ 2015-05-30T18:27:40+08:00 ] ::1 /xingkong/
INFO: [ app_init ] --START--
INFO: Run Behavior\BuildLiteBehavior [ RunTime:0.000019s ]
INFO: [ app_init ] --END-- [ RunTime:0.000412s ]
INFO: [ app_begin ] --START--
INFO: Run Behavior\ReadHtmlCacheBehavior [ RunTime:0.000466s ]
INFO: [ app_begin ] --END-- [ RunTime:0.000527s ]
INFO: [ view_parse ] --START--
INFO: Run Behavior\ParseTemplateBehavior [ RunTime:0.000167s ]
INFO: [ view_parse ] --END-- [ RunTime:0.000225s ]
INFO: [ view_filter ] --START--
INFO: Run Behavior\WriteHtmlCacheBehavior [ RunTime:0.000122s ]
INFO: [ view_filter ] --END-- [ RunTime:0.000167s ]
INFO: [ app_end ] --START--
INFO: Run Behavior\ShowPageTraceBehavior [ RunTime:0.000473s ]
INFO: [ app_end ] --END-- [ RunTime:0.000523s ]

[ 2015-05-30T18:27:58+08:00 ] ::1 /xingkong/Home/News/index
INFO: [ app_init ] --START--
INFO: Run Behavior\BuildLiteBehavior [ RunTime:0.000015s ]
INFO: [ app_init ] --END-- [ RunTime:0.000324s ]
INFO: [ app_begin ] --START--
INFO: Run Behavior\ReadHtmlCacheBehavior [ RunTime:0.000437s ]
INFO: [ app_begin ] --END-- [ RunTime:0.000514s ]
SQL: SHOW COLUMNS FROM `cns_category` [ RunTime:0.0010s ]
SQL: SELECT `id`,`name` FROM `cns_category` WHERE ( type = 1 and status = 1 )  [ RunTime:0.0002s ]
NOTIC: [8] Undefined offset: 0 /Applications/MAMP/htdocs/xingkong/Application/Home/Controller/NewsController.class.php 第 20 行.
SQL: SHOW COLUMNS FROM `cns_news` [ RunTime:0.0013s ]
SQL: SELECT COUNT(*) AS tp_count FROM `cns_news` WHERE `status` = 1 AND `cate_id` = null LIMIT 1   [ RunTime:0.0004s ]
SQL: SELECT `id`,`title`,`desc`,`create_time`,`face200` FROM `cns_news` WHERE `status` = 1 AND `cate_id` = null ORDER BY sort LIMIT 0,15   [ RunTime:0.0005s ]
INFO: [ view_parse ] --START--
INFO: [ template_filter ] --START--
INFO: Run Behavior\ContentReplaceBehavior [ RunTime:0.000056s ]
INFO: [ template_filter ] --END-- [ RunTime:0.000120s ]
NOTIC: [8] Undefined variable: titleL1 /Applications/MAMP/htdocs/xingkong/Application/Runtime/Cache/Home/3e24b471de08a8366f7660bb176a5e74.php 第 67 行.
INFO: Run Behavior\ParseTemplateBehavior [ RunTime:0.011918s ]
INFO: [ view_parse ] --END-- [ RunTime:0.012026s ]
INFO: [ view_filter ] --START--
INFO: Run Behavior\WriteHtmlCacheBehavior [ RunTime:0.000158s ]
INFO: [ view_filter ] --END-- [ RunTime:0.000209s ]
INFO: [ app_end ] --START--
INFO: Run Behavior\ShowPageTraceBehavior [ RunTime:0.000584s ]
INFO: [ app_end ] --END-- [ RunTime:0.000648s ]

[ 2015-05-30T18:33:00+08:00 ] ::1 /xingkong/
INFO: [ app_init ] --START--
INFO: Run Behavior\BuildLiteBehavior [ RunTime:0.000015s ]
INFO: [ app_init ] --END-- [ RunTime:0.000325s ]
INFO: [ app_begin ] --START--
INFO: Run Behavior\ReadHtmlCacheBehavior [ RunTime:0.000421s ]
INFO: [ app_begin ] --END-- [ RunTime:0.000478s ]
INFO: [ view_parse ] --START--
INFO: Run Behavior\ParseTemplateBehavior [ RunTime:0.000180s ]
INFO: [ view_parse ] --END-- [ RunTime:0.000244s ]
INFO: [ view_filter ] --START--
INFO: Run Behavior\WriteHtmlCacheBehavior [ RunTime:0.000125s ]
INFO: [ view_filter ] --END-- [ RunTime:0.000170s ]
INFO: [ app_end ] --START--
INFO: Run Behavior\ShowPageTraceBehavior [ RunTime:0.000449s ]
INFO: [ app_end ] --END-- [ RunTime:0.000500s ]

[ 2015-05-30T18:33:09+08:00 ] ::1 /xingkong/Home/news
INFO: [ app_init ] --START--
INFO: Run Behavior\BuildLiteBehavior [ RunTime:0.000014s ]
INFO: [ app_init ] --END-- [ RunTime:0.000320s ]
INFO: [ app_begin ] --START--
INFO: Run Behavior\ReadHtmlCacheBehavior [ RunTime:0.000719s ]
INFO: [ app_begin ] --END-- [ RunTime:0.000876s ]
SQL: SHOW COLUMNS FROM `cns_category` [ RunTime:0.0011s ]
SQL: SELECT `id`,`name` FROM `cns_category` WHERE ( type = 1 and status = 1 )  [ RunTime:0.0003s ]
SQL: SHOW COLUMNS FROM `cns_news` [ RunTime:0.0014s ]
SQL: SELECT COUNT(*) AS tp_count FROM `cns_news` WHERE `status` = 1 AND `cate_id` = 1 LIMIT 1   [ RunTime:0.0004s ]
SQL: SELECT `id`,`title`,`desc`,`create_time`,`face200` FROM `cns_news` WHERE `status` = 1 AND `cate_id` = 1 ORDER BY sort LIMIT 0,15   [ RunTime:0.0005s ]
INFO: [ view_parse ] --START--
INFO: [ template_filter ] --START--
INFO: Run Behavior\ContentReplaceBehavior [ RunTime:0.000126s ]
INFO: [ template_filter ] --END-- [ RunTime:0.000252s ]
NOTIC: [8] Undefined variable: titleL1 /Applications/MAMP/htdocs/xingkong/Application/Runtime/Cache/Home/3e24b471de08a8366f7660bb176a5e74.php 第 67 行.
INFO: Run Behavior\ParseTemplateBehavior [ RunTime:0.015537s ]
INFO: [ view_parse ] --END-- [ RunTime:0.015621s ]
INFO: [ view_filter ] --START--
INFO: Run Behavior\WriteHtmlCacheBehavior [ RunTime:0.000185s ]
INFO: [ view_filter ] --END-- [ RunTime:0.000239s ]
INFO: [ app_end ] --START--
INFO: Run Behavior\ShowPageTraceBehavior [ RunTime:0.000562s ]
INFO: [ app_end ] --END-- [ RunTime:0.000628s ]

[ 2015-05-30T18:33:12+08:00 ] ::1 /xingkong/Home/News/index/cid/2
INFO: [ app_init ] --START--
INFO: Run Behavior\BuildLiteBehavior [ RunTime:0.000016s ]
INFO: [ app_init ] --END-- [ RunTime:0.000318s ]
INFO: [ app_begin ] --START--
INFO: Run Behavior\ReadHtmlCacheBehavior [ RunTime:0.000413s ]
INFO: [ app_begin ] --END-- [ RunTime:0.000468s ]
SQL: SHOW COLUMNS FROM `cns_category` [ RunTime:0.0099s ]
SQL: SELECT `id`,`name` FROM `cns_category` WHERE ( type = 1 and status = 1 )  [ RunTime:0.0006s ]
SQL: SHOW COLUMNS FROM `cns_news` [ RunTime:0.0014s ]
SQL: SELECT COUNT(*) AS tp_count FROM `cns_news` WHERE `status` = 1 AND `cate_id` = 2 LIMIT 1   [ RunTime:0.0003s ]
SQL: SELECT `id`,`title`,`desc`,`create_time`,`face200` FROM `cns_news` WHERE `status` = 1 AND `cate_id` = 2 ORDER BY sort LIMIT 0,15   [ RunTime:0.0003s ]
INFO: [ view_parse ] --START--
INFO: [ template_filter ] --START--
INFO: Run Behavior\ContentReplaceBehavior [ RunTime:0.000067s ]
INFO: [ template_filter ] --END-- [ RunTime:0.000146s ]
NOTIC: [8] Undefined variable: titleL1 /Applications/MAMP/htdocs/xingkong/Application/Runtime/Cache/Home/3e24b471de08a8366f7660bb176a5e74.php 第 67 行.
INFO: Run Behavior\ParseTemplateBehavior [ RunTime:0.013445s ]
INFO: [ view_parse ] --END-- [ RunTime:0.013510s ]
INFO: [ view_filter ] --START--
INFO: Run Behavior\WriteHtmlCacheBehavior [ RunTime:0.000161s ]
INFO: [ view_filter ] --END-- [ RunTime:0.000209s ]
INFO: [ app_end ] --START--
INFO: Run Behavior\ShowPageTraceBehavior [ RunTime:0.000449s ]
INFO: [ app_end ] --END-- [ RunTime:0.000501s ]

[ 2015-05-30T18:33:13+08:00 ] ::1 /xingkong/Home/News/index/cid/3
INFO: [ app_init ] --START--
INFO: Run Behavior\BuildLiteBehavior [ RunTime:0.000015s ]
INFO: [ app_init ] --END-- [ RunTime:0.000314s ]
INFO: [ app_begin ] --START--
INFO: Run Behavior\ReadHtmlCacheBehavior [ RunTime:0.000417s ]
INFO: [ app_begin ] --END-- [ RunTime:0.000474s ]
SQL: SHOW COLUMNS FROM `cns_category` [ RunTime:0.0012s ]
SQL: SELECT `id`,`name` FROM `cns_category` WHERE ( type = 1 and status = 1 )  [ RunTime:0.0003s ]
SQL: SHOW COLUMNS FROM `cns_news` [ RunTime:0.0013s ]
SQL: SELECT COUNT(*) AS tp_count FROM `cns_news` WHERE `status` = 1 AND `cate_id` = 3 LIMIT 1   [ RunTime:0.0002s ]
SQL: SELECT `id`,`title`,`desc`,`create_time`,`face200` FROM `cns_news` WHERE `status` = 1 AND `cate_id` = 3 ORDER BY sort LIMIT 0,15   [ RunTime:0.0002s ]
INFO: [ view_parse ] --START--
INFO: [ template_filter ] --START--
INFO: Run Behavior\ContentReplaceBehavior [ RunTime:0.000060s ]
INFO: [ template_filter ] --END-- [ RunTime:0.000127s ]
NOTIC: [8] Undefined variable: titleL1 /Applications/MAMP/htdocs/xingkong/Application/Runtime/Cache/Home/3e24b471de08a8366f7660bb176a5e74.php 第 67 行.
INFO: Run Behavior\ParseTemplateBehavior [ RunTime:0.011957s ]
INFO: [ view_parse ] --END-- [ RunTime:0.012015s ]
INFO: [ view_filter ] --START--
INFO: Run Behavior\WriteHtmlCacheBehavior [ RunTime:0.000141s ]
INFO: [ view_filter ] --END-- [ RunTime:0.000186s ]
INFO: [ app_end ] --START--
INFO: Run Behavior\ShowPageTraceBehavior [ RunTime:0.000450s ]
INFO: [ app_end ] --END-- [ RunTime:0.000498s ]

[ 2015-05-30T18:33:14+08:00 ] ::1 /xingkong/Home/News/index/cid/1
INFO: [ app_init ] --START--
INFO: Run Behavior\BuildLiteBehavior [ RunTime:0.000036s ]
INFO: [ app_init ] --END-- [ RunTime:0.000744s ]
INFO: [ app_begin ] --START--
INFO: Run Behavior\ReadHtmlCacheBehavior [ RunTime:0.000576s ]
INFO: [ app_begin ] --END-- [ RunTime:0.000651s ]
SQL: SHOW COLUMNS FROM `cns_category` [ RunTime:0.0092s ]
SQL: SELECT `id`,`name` FROM `cns_category` WHERE ( type = 1 and status = 1 )  [ RunTime:0.0003s ]
SQL: SHOW COLUMNS FROM `cns_news` [ RunTime:0.0021s ]
SQL: SELECT COUNT(*) AS tp_count FROM `cns_news` WHERE `status` = 1 AND `cate_id` = 1 LIMIT 1   [ RunTime:0.0005s ]
SQL: SELECT `id`,`title`,`desc`,`create_time`,`face200` FROM `cns_news` WHERE `status` = 1 AND `cate_id` = 1 ORDER BY sort LIMIT 0,15   [ RunTime:0.0003s ]
INFO: [ view_parse ] --START--
INFO: [ template_filter ] --START--
INFO: Run Behavior\ContentReplaceBehavior [ RunTime:0.000061s ]
INFO: [ template_filter ] --END-- [ RunTime:0.000132s ]
NOTIC: [8] Undefined variable: titleL1 /Applications/MAMP/htdocs/xingkong/Application/Runtime/Cache/Home/3e24b471de08a8366f7660bb176a5e74.php 第 67 行.
INFO: Run Behavior\ParseTemplateBehavior [ RunTime:0.012651s ]
INFO: [ view_parse ] --END-- [ RunTime:0.012725s ]
INFO: [ view_filter ] --START--
INFO: Run Behavior\WriteHtmlCacheBehavior [ RunTime:0.000299s ]
INFO: [ view_filter ] --END-- [ RunTime:0.000381s ]
INFO: [ app_end ] --START--
INFO: Run Behavior\ShowPageTraceBehavior [ RunTime:0.000799s ]
INFO: [ app_end ] --END-- [ RunTime:0.000870s ]

[ 2015-05-30T18:33:18+08:00 ] ::1 /xingkong/Home/News/index
INFO: [ app_init ] --START--
INFO: Run Behavior\BuildLiteBehavior [ RunTime:0.000049s ]
INFO: [ app_init ] --END-- [ RunTime:0.000766s ]
INFO: [ app_begin ] --START--
INFO: Run Behavior\ReadHtmlCacheBehavior [ RunTime:0.000469s ]
INFO: [ app_begin ] --END-- [ RunTime:0.000532s ]
SQL: SHOW COLUMNS FROM `cns_category` [ RunTime:0.0095s ]
SQL: SELECT `id`,`name` FROM `cns_category` WHERE ( type = 1 and status = 1 )  [ RunTime:0.0004s ]
SQL: SHOW COLUMNS FROM `cns_news` [ RunTime:0.0030s ]
SQL: SELECT COUNT(*) AS tp_count FROM `cns_news` WHERE `status` = 1 AND `cate_id` = 1 LIMIT 1   [ RunTime:0.0004s ]
SQL: SELECT `id`,`title`,`desc`,`create_time`,`face200` FROM `cns_news` WHERE `status` = 1 AND `cate_id` = 1 ORDER BY sort LIMIT 0,15   [ RunTime:0.0003s ]
INFO: [ view_parse ] --START--
INFO: [ template_filter ] --START--
INFO: Run Behavior\ContentReplaceBehavior [ RunTime:0.000057s ]
INFO: [ template_filter ] --END-- [ RunTime:0.000116s ]
NOTIC: [8] Undefined variable: titleL1 /Applications/MAMP/htdocs/xingkong/Application/Runtime/Cache/Home/3e24b471de08a8366f7660bb176a5e74.php 第 67 行.
INFO: Run Behavior\ParseTemplateBehavior [ RunTime:0.011725s ]
INFO: [ view_parse ] --END-- [ RunTime:0.011794s ]
INFO: [ view_filter ] --START--
INFO: Run Behavior\WriteHtmlCacheBehavior [ RunTime:0.000170s ]
INFO: [ view_filter ] --END-- [ RunTime:0.000225s ]
INFO: [ app_end ] --START--
INFO: Run Behavior\ShowPageTraceBehavior [ RunTime:0.000530s ]
INFO: [ app_end ] --END-- [ RunTime:0.000588s ]

[ 2015-05-30T18:33:20+08:00 ] ::1 /xingkong/Home/Theater/index
INFO: [ app_init ] --START--
INFO: Run Behavior\BuildLiteBehavior [ RunTime:0.000015s ]
INFO: [ app_init ] --END-- [ RunTime:0.000322s ]
INFO: [ app_begin ] --START--
INFO: Run Behavior\ReadHtmlCacheBehavior [ RunTime:0.000422s ]
INFO: [ app_begin ] --END-- [ RunTime:0.000477s ]
INFO: [ view_parse ] --START--
INFO: [ template_filter ] --START--
INFO: Run Behavior\ContentReplaceBehavior [ RunTime:0.000059s ]
INFO: [ template_filter ] --END-- [ RunTime:0.000132s ]
NOTIC: [8] Undefined variable: titleL1 /Applications/MAMP/htdocs/xingkong/Application/Runtime/Cache/Home/77ff3f5bc94a30afb121b4df02a1ba6e.php 第 67 行.
INFO: Run Behavior\ParseTemplateBehavior [ RunTime:0.019542s ]
INFO: [ view_parse ] --END-- [ RunTime:0.019633s ]
INFO: [ view_filter ] --START--
INFO: Run Behavior\WriteHtmlCacheBehavior [ RunTime:0.000172s ]
INFO: [ view_filter ] --END-- [ RunTime:0.000294s ]
INFO: [ app_end ] --START--
INFO: Run Behavior\ShowPageTraceBehavior [ RunTime:0.000503s ]
INFO: [ app_end ] --END-- [ RunTime:0.000560s ]

[ 2015-05-30T18:33:21+08:00 ] ::1 /xingkong/Home/News/index
INFO: [ app_init ] --START--
INFO: Run Behavior\BuildLiteBehavior [ RunTime:0.000016s ]
INFO: [ app_init ] --END-- [ RunTime:0.000345s ]
INFO: [ app_begin ] --START--
INFO: Run Behavior\ReadHtmlCacheBehavior [ RunTime:0.000455s ]
INFO: [ app_begin ] --END-- [ RunTime:0.000515s ]
SQL: SHOW COLUMNS FROM `cns_category` [ RunTime:0.0109s ]
SQL: SELECT `id`,`name` FROM `cns_category` WHERE ( type = 1 and status = 1 )  [ RunTime:0.0005s ]
SQL: SHOW COLUMNS FROM `cns_news` [ RunTime:0.0013s ]
SQL: SELECT COUNT(*) AS tp_count FROM `cns_news` WHERE `status` = 1 AND `cate_id` = 1 LIMIT 1   [ RunTime:0.0003s ]
SQL: SELECT `id`,`title`,`desc`,`create_time`,`face200` FROM `cns_news` WHERE `status` = 1 AND `cate_id` = 1 ORDER BY sort LIMIT 0,15   [ RunTime:0.0003s ]
INFO: [ view_parse ] --START--
INFO: [ template_filter ] --START--
INFO: Run Behavior\ContentReplaceBehavior [ RunTime:0.000063s ]
INFO: [ template_filter ] --END-- [ RunTime:0.000137s ]
NOTIC: [8] Undefined variable: titleL1 /Applications/MAMP/htdocs/xingkong/Application/Runtime/Cache/Home/3e24b471de08a8366f7660bb176a5e74.php 第 67 行.
INFO: Run Behavior\ParseTemplateBehavior [ RunTime:0.012526s ]
INFO: [ view_parse ] --END-- [ RunTime:0.012588s ]
INFO: [ view_filter ] --START--
INFO: Run Behavior\WriteHtmlCacheBehavior [ RunTime:0.000145s ]
INFO: [ view_filter ] --END-- [ RunTime:0.000190s ]
INFO: [ app_end ] --START--
INFO: Run Behavior\ShowPageTraceBehavior [ RunTime:0.000453s ]
INFO: [ app_end ] --END-- [ RunTime:0.000502s ]

[ 2015-05-30T18:55:11+08:00 ] ::1 /xingkong/Home/News/index/cid/1
INFO: [ app_init ] --START--
INFO: Run Behavior\BuildLiteBehavior [ RunTime:0.000018s ]
INFO: [ app_init ] --END-- [ RunTime:0.000414s ]
INFO: [ app_begin ] --START--
INFO: Run Behavior\ReadHtmlCacheBehavior [ RunTime:0.000486s ]
INFO: [ app_begin ] --END-- [ RunTime:0.000546s ]
SQL: SHOW COLUMNS FROM `cns_category` [ RunTime:0.0097s ]
SQL: SELECT `id`,`name` FROM `cns_category` WHERE ( type = 1 and status = 1 )  [ RunTime:0.0003s ]
SQL: SHOW COLUMNS FROM `cns_news` [ RunTime:0.0014s ]
SQL: SELECT COUNT(*) AS tp_count FROM `cns_news` WHERE `status` = 1 AND `cate_id` = 1 LIMIT 1   [ RunTime:0.0002s ]
SQL: SELECT `id`,`title`,`desc`,`create_time`,`face200` FROM `cns_news` WHERE `status` = 1 AND `cate_id` = 1 ORDER BY sort LIMIT 0,15   [ RunTime:0.0002s ]
INFO: [ view_parse ] --START--
INFO: [ template_filter ] --START--
INFO: Run Behavior\ContentReplaceBehavior [ RunTime:0.000058s ]
INFO: [ template_filter ] --END-- [ RunTime:0.000124s ]
NOTIC: [8] Undefined variable: titleL1 /Applications/MAMP/htdocs/xingkong/Application/Runtime/Cache/Home/3e24b471de08a8366f7660bb176a5e74.php 第 67 行.
INFO: Run Behavior\ParseTemplateBehavior [ RunTime:0.012449s ]
INFO: [ view_parse ] --END-- [ RunTime:0.012514s ]
INFO: [ view_filter ] --START--
INFO: Run Behavior\WriteHtmlCacheBehavior [ RunTime:0.000183s ]
INFO: [ view_filter ] --END-- [ RunTime:0.000236s ]
INFO: [ app_end ] --START--
INFO: Run Behavior\ShowPageTraceBehavior [ RunTime:0.000537s ]
INFO: [ app_end ] --END-- [ RunTime:0.000594s ]

[ 2015-05-30T18:55:12+08:00 ] ::1 /xingkong/Home/News/index/cid/2
INFO: [ app_init ] --START--
INFO: Run Behavior\BuildLiteBehavior [ RunTime:0.000014s ]
INFO: [ app_init ] --END-- [ RunTime:0.000317s ]
INFO: [ app_begin ] --START--
INFO: Run Behavior\ReadHtmlCacheBehavior [ RunTime:0.000410s ]
INFO: [ app_begin ] --END-- [ RunTime:0.000465s ]
SQL: SHOW COLUMNS FROM `cns_category` [ RunTime:0.0086s ]
SQL: SELECT `id`,`name` FROM `cns_category` WHERE ( type = 1 and status = 1 )  [ RunTime:0.0003s ]
SQL: SHOW COLUMNS FROM `cns_news` [ RunTime:0.0015s ]
SQL: SELECT COUNT(*) AS tp_count FROM `cns_news` WHERE `status` = 1 AND `cate_id` = 2 LIMIT 1   [ RunTime:0.0003s ]
SQL: SELECT `id`,`title`,`desc`,`create_time`,`face200` FROM `cns_news` WHERE `status` = 1 AND `cate_id` = 2 ORDER BY sort LIMIT 0,15   [ RunTime:0.0002s ]
INFO: [ view_parse ] --START--
INFO: [ template_filter ] --START--
INFO: Run Behavior\ContentReplaceBehavior [ RunTime:0.000058s ]
INFO: [ template_filter ] --END-- [ RunTime:0.000124s ]
NOTIC: [8] Undefined variable: titleL1 /Applications/MAMP/htdocs/xingkong/Application/Runtime/Cache/Home/3e24b471de08a8366f7660bb176a5e74.php 第 67 行.
INFO: Run Behavior\ParseTemplateBehavior [ RunTime:0.012672s ]
INFO: [ view_parse ] --END-- [ RunTime:0.012729s ]
INFO: [ view_filter ] --START--
INFO: Run Behavior\WriteHtmlCacheBehavior [ RunTime:0.000149s ]
INFO: [ view_filter ] --END-- [ RunTime:0.000194s ]
INFO: [ app_end ] --START--
INFO: Run Behavior\ShowPageTraceBehavior [ RunTime:0.000449s ]
INFO: [ app_end ] --END-- [ RunTime:0.000499s ]

[ 2015-05-30T18:55:13+08:00 ] ::1 /xingkong/Home/News/index/cid/3
INFO: [ app_init ] --START--
INFO: Run Behavior\BuildLiteBehavior [ RunTime:0.000015s ]
INFO: [ app_init ] --END-- [ RunTime:0.000368s ]
INFO: [ app_begin ] --START--
INFO: Run Behavior\ReadHtmlCacheBehavior [ RunTime:0.000709s ]
INFO: [ app_begin ] --END-- [ RunTime:0.000791s ]
SQL: SHOW COLUMNS FROM `cns_category` [ RunTime:0.0096s ]
SQL: SELECT `id`,`name` FROM `cns_category` WHERE ( type = 1 and status = 1 )  [ RunTime:0.0004s ]
SQL: SHOW COLUMNS FROM `cns_news` [ RunTime:0.0030s ]
SQL: SELECT COUNT(*) AS tp_count FROM `cns_news` WHERE `status` = 1 AND `cate_id` = 3 LIMIT 1   [ RunTime:0.0002s ]
SQL: SELECT `id`,`title`,`desc`,`create_time`,`face200` FROM `cns_news` WHERE `status` = 1 AND `cate_id` = 3 ORDER BY sort LIMIT 0,15   [ RunTime:0.0002s ]
INFO: [ view_parse ] --START--
INFO: [ template_filter ] --START--
INFO: Run Behavior\ContentReplaceBehavior [ RunTime:0.000056s ]
INFO: [ template_filter ] --END-- [ RunTime:0.000119s ]
NOTIC: [8] Undefined variable: titleL1 /Applications/MAMP/htdocs/xingkong/Application/Runtime/Cache/Home/3e24b471de08a8366f7660bb176a5e74.php 第 67 行.
INFO: Run Behavior\ParseTemplateBehavior [ RunTime:0.012290s ]
INFO: [ view_parse ] --END-- [ RunTime:0.012351s ]
INFO: [ view_filter ] --START--
INFO: Run Behavior\WriteHtmlCacheBehavior [ RunTime:0.000144s ]
INFO: [ view_filter ] --END-- [ RunTime:0.000190s ]
INFO: [ app_end ] --START--
INFO: Run Behavior\ShowPageTraceBehavior [ RunTime:0.000487s ]
INFO: [ app_end ] --END-- [ RunTime:0.000538s ]

[ 2015-05-30T18:55:14+08:00 ] ::1 /xingkong/Home/News/index/cid/1
INFO: [ app_init ] --START--
INFO: Run Behavior\BuildLiteBehavior [ RunTime:0.000020s ]
INFO: [ app_init ] --END-- [ RunTime:0.000476s ]
INFO: [ app_begin ] --START--
INFO: Run Behavior\ReadHtmlCacheBehavior [ RunTime:0.000472s ]
INFO: [ app_begin ] --END-- [ RunTime:0.000538s ]
SQL: SHOW COLUMNS FROM `cns_category` [ RunTime:0.0094s ]
SQL: SELECT `id`,`name` FROM `cns_category` WHERE ( type = 1 and status = 1 )  [ RunTime:0.0003s ]
SQL: SHOW COLUMNS FROM `cns_news` [ RunTime:0.0022s ]
SQL: SELECT COUNT(*) AS tp_count FROM `cns_news` WHERE `status` = 1 AND `cate_id` = 1 LIMIT 1   [ RunTime:0.0004s ]
SQL: SELECT `id`,`title`,`desc`,`create_time`,`face200` FROM `cns_news` WHERE `status` = 1 AND `cate_id` = 1 ORDER BY sort LIMIT 0,15   [ RunTime:0.0004s ]
INFO: [ view_parse ] --START--
INFO: [ template_filter ] --START--
INFO: Run Behavior\ContentReplaceBehavior [ RunTime:0.000075s ]
INFO: [ template_filter ] --END-- [ RunTime:0.000165s ]
NOTIC: [8] Undefined variable: titleL1 /Applications/MAMP/htdocs/xingkong/Application/Runtime/Cache/Home/3e24b471de08a8366f7660bb176a5e74.php 第 67 行.
INFO: Run Behavior\ParseTemplateBehavior [ RunTime:0.014444s ]
INFO: [ view_parse ] --END-- [ RunTime:0.014534s ]
INFO: [ view_filter ] --START--
INFO: Run Behavior\WriteHtmlCacheBehavior [ RunTime:0.000214s ]
INFO: [ view_filter ] --END-- [ RunTime:0.000281s ]
INFO: [ app_end ] --START--
INFO: Run Behavior\ShowPageTraceBehavior [ RunTime:0.000594s ]
INFO: [ app_end ] --END-- [ RunTime:0.000652s ]

[ 2015-05-30T19:49:58+08:00 ] ::1 /xingkong/Home/News/index/cid/1
INFO: [ app_init ] --START--
INFO: Run Behavior\BuildLiteBehavior [ RunTime:0.000016s ]
INFO: [ app_init ] --END-- [ RunTime:0.000338s ]
INFO: [ app_begin ] --START--
INFO: Run Behavior\ReadHtmlCacheBehavior [ RunTime:0.000451s ]
INFO: [ app_begin ] --END-- [ RunTime:0.000509s ]
SQL: SHOW COLUMNS FROM `cns_category` [ RunTime:0.0087s ]
SQL: SELECT `id`,`name` FROM `cns_category` WHERE ( type = 1 and status = 1 )  [ RunTime:0.0003s ]
SQL: SHOW COLUMNS FROM `cns_news` [ RunTime:0.0017s ]
SQL: SELECT COUNT(*) AS tp_count FROM `cns_news` WHERE `status` = 1 AND `cate_id` = 1 LIMIT 1   [ RunTime:0.0002s ]
SQL: SELECT `id`,`title`,`desc`,`create_time`,`face200` FROM `cns_news` WHERE `status` = 1 AND `cate_id` = 1 ORDER BY sort LIMIT 0,15   [ RunTime:0.0003s ]
INFO: [ view_parse ] --START--
INFO: [ template_filter ] --START--
INFO: Run Behavior\ContentReplaceBehavior [ RunTime:0.000057s ]
INFO: [ template_filter ] --END-- [ RunTime:0.000120s ]
NOTIC: [8] Undefined variable: titleL1 /Applications/MAMP/htdocs/xingkong/Application/Runtime/Cache/Home/3e24b471de08a8366f7660bb176a5e74.php 第 67 行.
INFO: Run Behavior\ParseTemplateBehavior [ RunTime:0.012722s ]
INFO: [ view_parse ] --END-- [ RunTime:0.012790s ]
INFO: [ view_filter ] --START--
INFO: Run Behavior\WriteHtmlCacheBehavior [ RunTime:0.000170s ]
INFO: [ view_filter ] --END-- [ RunTime:0.000225s ]
INFO: [ app_end ] --START--
INFO: Run Behavior\ShowPageTraceBehavior [ RunTime:0.000538s ]
INFO: [ app_end ] --END-- [ RunTime:0.000598s ]

[ 2015-05-30T21:18:37+08:00 ] ::1 /xingkong/
INFO: [ app_init ] --START--
INFO: Run Behavior\BuildLiteBehavior [ RunTime:0.000025s ]
INFO: [ app_init ] --END-- [ RunTime:0.000479s ]
INFO: [ app_begin ] --START--
INFO: Run Behavior\ReadHtmlCacheBehavior [ RunTime:0.000657s ]
INFO: [ app_begin ] --END-- [ RunTime:0.000726s ]
INFO: [ view_parse ] --START--
INFO: Run Behavior\ParseTemplateBehavior [ RunTime:0.000182s ]
INFO: [ view_parse ] --END-- [ RunTime:0.000244s ]
INFO: [ view_filter ] --START--
INFO: Run Behavior\WriteHtmlCacheBehavior [ RunTime:0.000130s ]
INFO: [ view_filter ] --END-- [ RunTime:0.000175s ]
INFO: [ app_end ] --START--
INFO: Run Behavior\ShowPageTraceBehavior [ RunTime:0.000497s ]
INFO: [ app_end ] --END-- [ RunTime:0.000550s ]

[ 2015-05-30T21:18:49+08:00 ] ::1 /xingkong/
INFO: [ app_init ] --START--
INFO: Run Behavior\BuildLiteBehavior [ RunTime:0.000086s ]
INFO: [ app_init ] --END-- [ RunTime:0.001427s ]
INFO: [ app_begin ] --START--
INFO: Run Behavior\ReadHtmlCacheBehavior [ RunTime:0.000598s ]
INFO: [ app_begin ] --END-- [ RunTime:0.000675s ]
INFO: [ view_parse ] --START--
INFO: Run Behavior\ParseTemplateBehavior [ RunTime:0.000255s ]
INFO: [ view_parse ] --END-- [ RunTime:0.000326s ]
INFO: [ view_filter ] --START--
INFO: Run Behavior\WriteHtmlCacheBehavior [ RunTime:0.000141s ]
INFO: [ view_filter ] --END-- [ RunTime:0.000187s ]
INFO: [ app_end ] --START--
INFO: Run Behavior\ShowPageTraceBehavior [ RunTime:0.000579s ]
INFO: [ app_end ] --END-- [ RunTime:0.000639s ]

