[ 2015-06-08T09:19:23+08:00 ] ::1 /xingkong/Public/Home//xingkong/Public/Home/images/78.png
INFO: [ app_init ] --START--
INFO: Run Behavior\BuildLiteBehavior [ RunTime:0.000027s ]
INFO: [ app_init ] --END-- [ RunTime:0.000670s ]
ERR: 无法加载模块:Public

[ 2015-06-08T11:25:17+08:00 ] ::1 /xingkong/Public/Home//xingkong/Public/Home/images/78.png
INFO: [ app_init ] --START--
INFO: Run Behavior\BuildLiteBehavior [ RunTime:0.000017s ]
INFO: [ app_init ] --END-- [ RunTime:0.000353s ]
ERR: 无法加载模块:Public

[ 2015-06-08T11:25:23+08:00 ] ::1 /xingkong/Public/Home//xingkong/Public/Home/images/78.png
INFO: [ app_init ] --START--
INFO: Run Behavior\BuildLiteBehavior [ RunTime:0.000019s ]
INFO: [ app_init ] --END-- [ RunTime:0.000388s ]
ERR: 无法加载模块:Public

[ 2015-06-08T11:30:30+08:00 ] ::1 /xingkong/Public/Home//xingkong/Public/Home/images/78.png
INFO: [ app_init ] --START--
INFO: Run Behavior\BuildLiteBehavior [ RunTime:0.000028s ]
INFO: [ app_init ] --END-- [ RunTime:0.000522s ]
ERR: 无法加载模块:Public

[ 2015-06-08T11:33:04+08:00 ] ::1 /xingkong/Public/Home//xingkong/Public/Home/images/78.png
INFO: [ app_init ] --START--
INFO: Run Behavior\BuildLiteBehavior [ RunTime:0.000018s ]
INFO: [ app_init ] --END-- [ RunTime:0.000361s ]
ERR: 无法加载模块:Public

[ 2015-06-08T12:16:37+08:00 ] ::1 /xingkong/Public/Home//xingkong/Public/Home/images/78.png
INFO: [ app_init ] --START--
INFO: Run Behavior\BuildLiteBehavior [ RunTime:0.000016s ]
INFO: [ app_init ] --END-- [ RunTime:0.000347s ]
ERR: 无法加载模块:Public

[ 2015-06-08T12:22:26+08:00 ] ::1 /xingkong/Public/Home/image/li1.png
INFO: [ app_init ] --START--
INFO: Run Behavior\BuildLiteBehavior [ RunTime:0.000025s ]
INFO: [ app_init ] --END-- [ RunTime:0.000492s ]
ERR: 无法加载模块:Public

[ 2015-06-08T12:22:26+08:00 ] ::1 /xingkong/Public/Home/image/5.jpg
INFO: [ app_init ] --START--
INFO: Run Behavior\BuildLiteBehavior [ RunTime:0.000020s ]
INFO: [ app_init ] --END-- [ RunTime:0.000476s ]
ERR: 无法加载模块:Public

[ 2015-06-08T12:22:26+08:00 ] ::1 /xingkong/Public/Home/image/7.jpg
INFO: [ app_init ] --START--
INFO: Run Behavior\BuildLiteBehavior [ RunTime:0.000043s ]
INFO: [ app_init ] --END-- [ RunTime:0.000775s ]
ERR: 无法加载模块:Public

[ 2015-06-08T12:22:26+08:00 ] ::1 /xingkong/Public/Home/image/4.jpg
INFO: [ app_init ] --START--
INFO: Run Behavior\BuildLiteBehavior [ RunTime:0.000027s ]
INFO: [ app_init ] --END-- [ RunTime:0.000483s ]
ERR: 无法加载模块:Public

[ 2015-06-08T12:22:26+08:00 ] ::1 /xingkong/Public/Home/image/8.jpg
INFO: [ app_init ] --START--
INFO: Run Behavior\BuildLiteBehavior [ RunTime:0.000021s ]
INFO: [ app_init ] --END-- [ RunTime:0.000456s ]
ERR: 无法加载模块:Public

[ 2015-06-08T12:22:26+08:00 ] ::1 /xingkong/Public/Home/image/9.jpg
INFO: [ app_init ] --START--
INFO: Run Behavior\BuildLiteBehavior [ RunTime:0.000023s ]
INFO: [ app_init ] --END-- [ RunTime:0.000553s ]
ERR: 无法加载模块:Public

[ 2015-06-08T12:22:26+08:00 ] ::1 /xingkong/Public/Home/image/6.jpg
INFO: [ app_init ] --START--
INFO: Run Behavior\BuildLiteBehavior [ RunTime:0.000017s ]
INFO: [ app_init ] --END-- [ RunTime:0.000333s ]
ERR: 无法加载模块:Public

[ 2015-06-08T12:29:42+08:00 ] ::1 /xingkong/Public/Home//xingkong/Public/Home/images/78.png
INFO: [ app_init ] --START--
INFO: Run Behavior\BuildLiteBehavior [ RunTime:0.000017s ]
INFO: [ app_init ] --END-- [ RunTime:0.000333s ]
ERR: 无法加载模块:Public

[ 2015-06-08T13:11:47+08:00 ] ::1 /xingkong/Public/Default/no-image.jpg
INFO: [ app_init ] --START--
INFO: Run Behavior\BuildLiteBehavior [ RunTime:0.000021s ]
INFO: [ app_init ] --END-- [ RunTime:0.000442s ]
ERR: 无法加载模块:Public

[ 2015-06-08T13:12:12+08:00 ] ::1 /xingkong/Public/Default/no_image.jpg
INFO: [ app_init ] --START--
INFO: Run Behavior\BuildLiteBehavior [ RunTime:0.000061s ]
INFO: [ app_init ] --END-- [ RunTime:0.001181s ]
ERR: 无法加载模块:Public

[ 2015-06-08T13:22:58+08:00 ] ::1 /xingkong/Upload/Upload/news/201506/face200557526a24bbe7.jpg
INFO: [ app_init ] --START--
INFO: Run Behavior\BuildLiteBehavior [ RunTime:0.000081s ]
INFO: [ app_init ] --END-- [ RunTime:0.001246s ]
ERR: 无法加载模块:Upload

[ 2015-06-08T13:23:00+08:00 ] ::1 /xingkong/Upload/Upload/news/201506/face200557526a24bbe7.jpg
INFO: [ app_init ] --START--
INFO: Run Behavior\BuildLiteBehavior [ RunTime:0.000042s ]
INFO: [ app_init ] --END-- [ RunTime:0.000511s ]
ERR: 无法加载模块:Upload

[ 2015-06-08T13:23:29+08:00 ] ::1 /xingkong/Upload/Upload/news/201506/face200557526a24bbe7.jpg
INFO: [ app_init ] --START--
INFO: Run Behavior\BuildLiteBehavior [ RunTime:0.000071s ]
INFO: [ app_init ] --END-- [ RunTime:0.001178s ]
ERR: 无法加载模块:Upload

[ 2015-06-08T13:27:58+08:00 ] ::1 /xingkong/Public/Home//xingkong/Public/Home/images/78.png
INFO: [ app_init ] --START--
INFO: Run Behavior\BuildLiteBehavior [ RunTime:0.000030s ]
INFO: [ app_init ] --END-- [ RunTime:0.000664s ]
ERR: 无法加载模块:Public

[ 2015-06-08T13:36:16+08:00 ] ::1 /xingkong/Public/Home//xingkong/Public/Home/images/78.png
INFO: [ app_init ] --START--
INFO: Run Behavior\BuildLiteBehavior [ RunTime:0.000025s ]
INFO: [ app_init ] --END-- [ RunTime:0.000550s ]
ERR: 无法加载模块:Public

[ 2015-06-08T13:46:53+08:00 ] ::1 /xingkong/Public/Home//xingkong/Public/Home/images/78.png
INFO: [ app_init ] --START--
INFO: Run Behavior\BuildLiteBehavior [ RunTime:0.000028s ]
INFO: [ app_init ] --END-- [ RunTime:0.000532s ]
ERR: 无法加载模块:Public

[ 2015-06-08T15:04:07+08:00 ] ::1 /xingkong/Public/Home//xingkong/Public/Home/images/78.png
INFO: [ app_init ] --START--
INFO: Run Behavior\BuildLiteBehavior [ RunTime:0.000050s ]
INFO: [ app_init ] --END-- [ RunTime:0.001228s ]
ERR: 无法加载模块:Public

[ 2015-06-08T15:46:51+08:00 ] ::1 /xingkong/Public/Home//xingkong/Public/Home/images/78.png
INFO: [ app_init ] --START--
INFO: Run Behavior\BuildLiteBehavior [ RunTime:0.000017s ]
INFO: [ app_init ] --END-- [ RunTime:0.000362s ]
ERR: 无法加载模块:Public

[ 2015-06-08T15:53:29+08:00 ] ::1 /xingkong/Public/Home//xingkong/Public/Home/images/78.png
INFO: [ app_init ] --START--
INFO: Run Behavior\BuildLiteBehavior [ RunTime:0.000115s ]
INFO: [ app_init ] --END-- [ RunTime:0.000705s ]
ERR: 无法加载模块:Public

[ 2015-06-08T15:53:29+08:00 ] ::1 /xingkong/Public/Home//xingkong/Public/Home/images/78.png
INFO: [ app_init ] --START--
INFO: Run Behavior\BuildLiteBehavior [ RunTime:0.000040s ]
INFO: [ app_init ] --END-- [ RunTime:0.000434s ]
ERR: 无法加载模块:Public

[ 2015-06-08T16:20:36+08:00 ] ::1 /xingkong/undefined
INFO: [ app_init ] --START--
INFO: Run Behavior\BuildLiteBehavior [ RunTime:0.000028s ]
INFO: [ app_init ] --END-- [ RunTime:0.000460s ]
ERR: 无法加载模块:Undefined

[ 2015-06-08T16:21:10+08:00 ] ::1 /xingkong/undefined
INFO: [ app_init ] --START--
INFO: Run Behavior\BuildLiteBehavior [ RunTime:0.000019s ]
INFO: [ app_init ] --END-- [ RunTime:0.000493s ]
ERR: 无法加载模块:Undefined

[ 2015-06-08T16:22:55+08:00 ] ::1 /xingkong/undefined
INFO: [ app_init ] --START--
INFO: Run Behavior\BuildLiteBehavior [ RunTime:0.000041s ]
INFO: [ app_init ] --END-- [ RunTime:0.001015s ]
ERR: 无法加载模块:Undefined

[ 2015-06-08T17:25:03+08:00 ] ::1 /xingkong/Public/Home//xingkong/Public/Home/images/78.png
INFO: [ app_init ] --START--
INFO: Run Behavior\BuildLiteBehavior [ RunTime:0.000034s ]
INFO: [ app_init ] --END-- [ RunTime:0.000569s ]
ERR: 无法加载模块:Public

[ 2015-06-08T17:29:59+08:00 ] ::1 /xingkong/Public/Home//xingkong/Public/Home/images/78.png
INFO: [ app_init ] --START--
INFO: Run Behavior\BuildLiteBehavior [ RunTime:0.000042s ]
INFO: [ app_init ] --END-- [ RunTime:0.001073s ]
ERR: 无法加载模块:Public

[ 2015-06-08T17:32:58+08:00 ] ::1 /xingkong/Public/Home//xingkong/Public/Home/images/78.png
INFO: [ app_init ] --START--
INFO: Run Behavior\BuildLiteBehavior [ RunTime:0.000019s ]
INFO: [ app_init ] --END-- [ RunTime:0.000727s ]
ERR: 无法加载模块:Public

[ 2015-06-08T17:34:02+08:00 ] ::1 /xingkong/Public/Home//xingkong/Public/Home/images/78.png
INFO: [ app_init ] --START--
INFO: Run Behavior\BuildLiteBehavior [ RunTime:0.000027s ]
INFO: [ app_init ] --END-- [ RunTime:0.000742s ]
ERR: 无法加载模块:Public

[ 2015-06-08T17:34:30+08:00 ] ::1 /xingkong/Public/Home//xingkong/Public/Home/images/78.png
INFO: [ app_init ] --START--
INFO: Run Behavior\BuildLiteBehavior [ RunTime:0.000032s ]
INFO: [ app_init ] --END-- [ RunTime:0.002073s ]
ERR: 无法加载模块:Public

[ 2015-06-08T17:34:31+08:00 ] ::1 /xingkong/Public/Home//xingkong/Public/Home/images/78.png
INFO: [ app_init ] --START--
INFO: Run Behavior\BuildLiteBehavior [ RunTime:0.000028s ]
INFO: [ app_init ] --END-- [ RunTime:0.000560s ]
ERR: 无法加载模块:Public

[ 2015-06-08T17:34:53+08:00 ] ::1 /xingkong/Public/Home//xingkong/Public/Home/images/78.png
INFO: [ app_init ] --START--
INFO: Run Behavior\BuildLiteBehavior [ RunTime:0.000037s ]
INFO: [ app_init ] --END-- [ RunTime:0.000918s ]
ERR: 无法加载模块:Public

[ 2015-06-08T17:37:04+08:00 ] ::1 /xingkong/Public/Home//xingkong/Public/Home/images/78.png
INFO: [ app_init ] --START--
INFO: Run Behavior\BuildLiteBehavior [ RunTime:0.000018s ]
INFO: [ app_init ] --END-- [ RunTime:0.000388s ]
ERR: 无法加载模块:Public

[ 2015-06-08T17:37:51+08:00 ] ::1 /xingkong/Public/Home//xingkong/Public/Home/images/78.png
INFO: [ app_init ] --START--
INFO: Run Behavior\BuildLiteBehavior [ RunTime:0.000026s ]
INFO: [ app_init ] --END-- [ RunTime:0.000516s ]
ERR: 无法加载模块:Public

[ 2015-06-08T17:38:30+08:00 ] ::1 /xingkong/Public/Home//xingkong/Public/Home/images/78.png
INFO: [ app_init ] --START--
INFO: Run Behavior\BuildLiteBehavior [ RunTime:0.000063s ]
INFO: [ app_init ] --END-- [ RunTime:0.001124s ]
ERR: 无法加载模块:Public

[ 2015-06-08T17:39:12+08:00 ] ::1 /xingkong/Public/Home//xingkong/Public/Home/images/78.png
INFO: [ app_init ] --START--
INFO: Run Behavior\BuildLiteBehavior [ RunTime:0.000030s ]
INFO: [ app_init ] --END-- [ RunTime:0.000603s ]
ERR: 无法加载模块:Public

[ 2015-06-08T17:39:15+08:00 ] ::1 /xingkong/Public/Home//xingkong/Public/Home/images/78.png
INFO: [ app_init ] --START--
INFO: Run Behavior\BuildLiteBehavior [ RunTime:0.000031s ]
INFO: [ app_init ] --END-- [ RunTime:0.000642s ]
ERR: 无法加载模块:Public

[ 2015-06-08T17:50:09+08:00 ] ::1 /xingkong/Public/Home/image/li1.png
INFO: [ app_init ] --START--
INFO: Run Behavior\BuildLiteBehavior [ RunTime:0.000021s ]
INFO: [ app_init ] --END-- [ RunTime:0.000442s ]
ERR: 无法加载模块:Public

[ 2015-06-08T17:50:09+08:00 ] ::1 /xingkong/Public/Home/image/4.jpg
INFO: [ app_init ] --START--
INFO: Run Behavior\BuildLiteBehavior [ RunTime:0.000023s ]
INFO: [ app_init ] --END-- [ RunTime:0.000465s ]
ERR: 无法加载模块:Public

[ 2015-06-08T17:50:09+08:00 ] ::1 /xingkong/Public/Home/image/6.jpg
INFO: [ app_init ] --START--
INFO: Run Behavior\BuildLiteBehavior [ RunTime:0.000044s ]
INFO: [ app_init ] --END-- [ RunTime:0.000714s ]
ERR: 无法加载模块:Public

[ 2015-06-08T17:50:09+08:00 ] ::1 /xingkong/Public/Home/image/7.jpg
INFO: [ app_init ] --START--
INFO: Run Behavior\BuildLiteBehavior [ RunTime:0.000020s ]
INFO: [ app_init ] --END-- [ RunTime:0.000455s ]
ERR: 无法加载模块:Public

[ 2015-06-08T17:50:09+08:00 ] ::1 /xingkong/Public/Home/image/8.jpg
INFO: [ app_init ] --START--
INFO: Run Behavior\BuildLiteBehavior [ RunTime:0.000018s ]
INFO: [ app_init ] --END-- [ RunTime:0.000439s ]
ERR: 无法加载模块:Public

[ 2015-06-08T17:50:09+08:00 ] ::1 /xingkong/Public/Home/image/5.jpg
INFO: [ app_init ] --START--
INFO: Run Behavior\BuildLiteBehavior [ RunTime:0.000028s ]
INFO: [ app_init ] --END-- [ RunTime:0.000613s ]
ERR: 无法加载模块:Public

[ 2015-06-08T17:50:09+08:00 ] ::1 /xingkong/Public/Home/image/9.jpg
INFO: [ app_init ] --START--
INFO: Run Behavior\BuildLiteBehavior [ RunTime:0.000027s ]
INFO: [ app_init ] --END-- [ RunTime:0.000478s ]
ERR: 无法加载模块:Public

[ 2015-06-08T17:50:15+08:00 ] ::1 /xingkong/Public/Home//xingkong/Public/Home/images/78.png
INFO: [ app_init ] --START--
INFO: Run Behavior\BuildLiteBehavior [ RunTime:0.000020s ]
INFO: [ app_init ] --END-- [ RunTime:0.000830s ]
ERR: 无法加载模块:Public

[ 2015-06-08T17:52:48+08:00 ] ::1 /xingkong/Public/Home//xingkong/Public/Home/images/78.png
INFO: [ app_init ] --START--
INFO: Run Behavior\BuildLiteBehavior [ RunTime:0.000023s ]
INFO: [ app_init ] --END-- [ RunTime:0.000397s ]
ERR: 无法加载模块:Public

[ 2015-06-08T17:53:28+08:00 ] ::1 /xingkong/Public/Home//xingkong/Public/Home/images/78.png
INFO: [ app_init ] --START--
INFO: Run Behavior\BuildLiteBehavior [ RunTime:0.000037s ]
INFO: [ app_init ] --END-- [ RunTime:0.000531s ]
ERR: 无法加载模块:Public

[ 2015-06-08T17:53:39+08:00 ] ::1 /xingkong/Public/Home//xingkong/Public/Home/images/78.png
INFO: [ app_init ] --START--
INFO: Run Behavior\BuildLiteBehavior [ RunTime:0.000027s ]
INFO: [ app_init ] --END-- [ RunTime:0.000589s ]
ERR: 无法加载模块:Public

[ 2015-06-08T18:18:58+08:00 ] ::1 /xingkong/Public/Home//xingkong/Public/Home/images/78.png
INFO: [ app_init ] --START--
INFO: Run Behavior\BuildLiteBehavior [ RunTime:0.000048s ]
INFO: [ app_init ] --END-- [ RunTime:0.001008s ]
ERR: 无法加载模块:Public

[ 2015-06-08T18:18:59+08:00 ] ::1 /xingkong/Public/Home//xingkong/Public/Home/images/78.png
INFO: [ app_init ] --START--
INFO: Run Behavior\BuildLiteBehavior [ RunTime:0.000032s ]
INFO: [ app_init ] --END-- [ RunTime:0.000709s ]
ERR: 无法加载模块:Public

[ 2015-06-08T18:20:22+08:00 ] ::1 /xingkong/Public/Home//xingkong/Public/Home/images/78.png
INFO: [ app_init ] --START--
INFO: Run Behavior\BuildLiteBehavior [ RunTime:0.000079s ]
INFO: [ app_init ] --END-- [ RunTime:0.001240s ]
ERR: 无法加载模块:Public

[ 2015-06-08T18:20:31+08:00 ] ::1 /xingkong/Public/Home//xingkong/Public/Home/images/78.png
INFO: [ app_init ] --START--
INFO: Run Behavior\BuildLiteBehavior [ RunTime:0.000023s ]
INFO: [ app_init ] --END-- [ RunTime:0.000489s ]
ERR: 无法加载模块:Public

[ 2015-06-08T18:20:50+08:00 ] ::1 /xingkong/Public/Home//xingkong/Public/Home/images/78.png
INFO: [ app_init ] --START--
INFO: Run Behavior\BuildLiteBehavior [ RunTime:0.000170s ]
INFO: [ app_init ] --END-- [ RunTime:0.001546s ]
ERR: 无法加载模块:Public

[ 2015-06-08T18:21:53+08:00 ] ::1 /xingkong/Public/Home//xingkong/Public/Home/images/78.png
INFO: [ app_init ] --START--
INFO: Run Behavior\BuildLiteBehavior [ RunTime:0.000032s ]
INFO: [ app_init ] --END-- [ RunTime:0.000535s ]
ERR: 无法加载模块:Public

[ 2015-06-08T18:22:06+08:00 ] ::1 /xingkong/Public/Home//xingkong/Public/Home/images/78.png
INFO: [ app_init ] --START--
INFO: Run Behavior\BuildLiteBehavior [ RunTime:0.000021s ]
INFO: [ app_init ] --END-- [ RunTime:0.000461s ]
ERR: 无法加载模块:Public

[ 2015-06-08T18:23:30+08:00 ] ::1 /xingkong/Public/Home//xingkong/Public/Home/images/78.png
INFO: [ app_init ] --START--
INFO: Run Behavior\BuildLiteBehavior [ RunTime:0.000018s ]
INFO: [ app_init ] --END-- [ RunTime:0.000414s ]
ERR: 无法加载模块:Public

[ 2015-06-08T18:25:55+08:00 ] ::1 /xingkong/Public/Home//xingkong/Public/Home/images/78.png
INFO: [ app_init ] --START--
INFO: Run Behavior\BuildLiteBehavior [ RunTime:0.000036s ]
INFO: [ app_init ] --END-- [ RunTime:0.000692s ]
ERR: 无法加载模块:Public

[ 2015-06-08T18:27:13+08:00 ] ::1 /xingkong/Public/Home//xingkong/Public/Home/images/78.png
INFO: [ app_init ] --START--
INFO: Run Behavior\BuildLiteBehavior [ RunTime:0.000026s ]
INFO: [ app_init ] --END-- [ RunTime:0.000518s ]
ERR: 无法加载模块:Public

[ 2015-06-08T18:36:43+08:00 ] ::1 /xingkong/Public/Home//xingkong/Public/Home/images/78.png
INFO: [ app_init ] --START--
INFO: Run Behavior\BuildLiteBehavior [ RunTime:0.000038s ]
INFO: [ app_init ] --END-- [ RunTime:0.000861s ]
ERR: 无法加载模块:Public

[ 2015-06-08T18:37:20+08:00 ] ::1 /xingkong/Public/Home//xingkong/Public/Home/images/78.png
INFO: [ app_init ] --START--
INFO: Run Behavior\BuildLiteBehavior [ RunTime:0.000020s ]
INFO: [ app_init ] --END-- [ RunTime:0.000560s ]
ERR: 无法加载模块:Public

[ 2015-06-08T18:41:03+08:00 ] ::1 /xingkong/Public/Home//xingkong/Public/Home/images/78.png
INFO: [ app_init ] --START--
INFO: Run Behavior\BuildLiteBehavior [ RunTime:0.000018s ]
INFO: [ app_init ] --END-- [ RunTime:0.000374s ]
ERR: 无法加载模块:Public

[ 2015-06-08T18:41:53+08:00 ] ::1 /xingkong/Public/Home//xingkong/Public/Home/images/78.png
INFO: [ app_init ] --START--
INFO: Run Behavior\BuildLiteBehavior [ RunTime:0.000079s ]
INFO: [ app_init ] --END-- [ RunTime:0.001627s ]
ERR: 无法加载模块:Public

[ 2015-06-08T18:42:14+08:00 ] ::1 /xingkong/Public/Home//xingkong/Public/Home/images/78.png
INFO: [ app_init ] --START--
INFO: Run Behavior\BuildLiteBehavior [ RunTime:0.000018s ]
INFO: [ app_init ] --END-- [ RunTime:0.000382s ]
ERR: 无法加载模块:Public

[ 2015-06-08T18:43:28+08:00 ] ::1 /xingkong/Public/Home//xingkong/Public/Home/images/78.png
INFO: [ app_init ] --START--
INFO: Run Behavior\BuildLiteBehavior [ RunTime:0.000018s ]
INFO: [ app_init ] --END-- [ RunTime:0.000372s ]
ERR: 无法加载模块:Public

[ 2015-06-08T18:45:12+08:00 ] ::1 /xingkong/Public/Home//xingkong/Public/Home/images/78.png
INFO: [ app_init ] --START--
INFO: Run Behavior\BuildLiteBehavior [ RunTime:0.000030s ]
INFO: [ app_init ] --END-- [ RunTime:0.000712s ]
ERR: 无法加载模块:Public

[ 2015-06-08T18:45:12+08:00 ] ::1 /xingkong/Public/Home/images/90.png
INFO: [ app_init ] --START--
INFO: Run Behavior\BuildLiteBehavior [ RunTime:0.000017s ]
INFO: [ app_init ] --END-- [ RunTime:0.000335s ]
ERR: 无法加载模块:Public

[ 2015-06-08T18:46:04+08:00 ] ::1 /xingkong/Public/Home//xingkong/Public/Home/images/78.png
INFO: [ app_init ] --START--
INFO: Run Behavior\BuildLiteBehavior [ RunTime:0.000111s ]
INFO: [ app_init ] --END-- [ RunTime:0.002338s ]
ERR: 无法加载模块:Public

[ 2015-06-08T18:46:19+08:00 ] ::1 /xingkong/Public/Home//xingkong/Public/Home/images/78.png
INFO: [ app_init ] --START--
INFO: Run Behavior\BuildLiteBehavior [ RunTime:0.004050s ]
INFO: [ app_init ] --END-- [ RunTime:0.005866s ]
ERR: 无法加载模块:Public

[ 2015-06-08T18:47:04+08:00 ] ::1 /xingkong/Public/Home//xingkong/Public/Home/images/78.png
INFO: [ app_init ] --START--
INFO: Run Behavior\BuildLiteBehavior [ RunTime:0.000026s ]
INFO: [ app_init ] --END-- [ RunTime:0.000518s ]
ERR: 无法加载模块:Public

[ 2015-06-08T18:47:13+08:00 ] ::1 /xingkong/Public/Home//xingkong/Public/Home/images/78.png
INFO: [ app_init ] --START--
INFO: Run Behavior\BuildLiteBehavior [ RunTime:0.000037s ]
INFO: [ app_init ] --END-- [ RunTime:0.000850s ]
ERR: 无法加载模块:Public

[ 2015-06-08T18:47:17+08:00 ] ::1 /xingkong/Public/Home//xingkong/Public/Home/images/78.png
INFO: [ app_init ] --START--
INFO: Run Behavior\BuildLiteBehavior [ RunTime:0.000026s ]
INFO: [ app_init ] --END-- [ RunTime:0.000557s ]
ERR: 无法加载模块:Public

[ 2015-06-08T18:47:23+08:00 ] ::1 /xingkong/Public/Home//xingkong/Public/Home/images/78.png
INFO: [ app_init ] --START--
INFO: Run Behavior\BuildLiteBehavior [ RunTime:0.000038s ]
INFO: [ app_init ] --END-- [ RunTime:0.001035s ]
ERR: 无法加载模块:Public

[ 2015-06-08T19:01:22+08:00 ] ::1 /xingkong/Public/Home//xingkong/Public/Home/images/78.png
INFO: [ app_init ] --START--
INFO: Run Behavior\BuildLiteBehavior [ RunTime:0.000017s ]
INFO: [ app_init ] --END-- [ RunTime:0.000354s ]
ERR: 无法加载模块:Public

[ 2015-06-08T19:27:13+08:00 ] ::1 /xingkong/Public/Home//xingkong/Public/Home/images/78.png
INFO: [ app_init ] --START--
INFO: Run Behavior\BuildLiteBehavior [ RunTime:0.000026s ]
INFO: [ app_init ] --END-- [ RunTime:0.000548s ]
ERR: 无法加载模块:Public

