[ 2015-06-10T12:08:52+08:00 ] ::1 /xingkong/Public/Home//xingkong/Public/Home/images/78.png
INFO: [ app_init ] --START--
INFO: Run Behavior\BuildLiteBehavior [ RunTime:0.000027s ]
INFO: [ app_init ] --END-- [ RunTime:0.000768s ]
ERR: 无法加载模块:Public

[ 2015-06-10T14:36:59+08:00 ] ::1 /xingkong/Public/Home//xingkong/Public/Home/images/78.png
INFO: [ app_init ] --START--
INFO: Run Behavior\BuildLiteBehavior [ RunTime:0.000017s ]
INFO: [ app_init ] --END-- [ RunTime:0.000365s ]
ERR: 无法加载模块:Public

[ 2015-06-10T14:42:26+08:00 ] ::1 /xingkong/Public/Home//xingkong/Public/Home/images/78.png
INFO: [ app_init ] --START--
INFO: Run Behavior\BuildLiteBehavior [ RunTime:0.000018s ]
INFO: [ app_init ] --END-- [ RunTime:0.000373s ]
ERR: 无法加载模块:Public

[ 2015-06-10T18:34:05+08:00 ] ::1 /xingkong/Public/Home//xingkong/Public/Home/images/78.png
INFO: [ app_init ] --START--
INFO: Run Behavior\BuildLiteBehavior [ RunTime:0.000034s ]
INFO: [ app_init ] --END-- [ RunTime:0.001506s ]
ERR: 无法加载模块:Public

[ 2015-06-10T18:35:59+08:00 ] ::1 /xingkong/Public/Home//xingkong/Public/Home/images/78.png
INFO: [ app_init ] --START--
INFO: Run Behavior\BuildLiteBehavior [ RunTime:0.000096s ]
INFO: [ app_init ] --END-- [ RunTime:0.000591s ]
ERR: 无法加载模块:Public

[ 2015-06-10T19:30:06+08:00 ] ::1 /xingkong/Public/Home//xingkong/Public/Home/images/78.png
INFO: [ app_init ] --START--
INFO: Run Behavior\BuildLiteBehavior [ RunTime:0.000025s ]
INFO: [ app_init ] --END-- [ RunTime:0.000534s ]
ERR: 无法加载模块:Public

[ 2015-06-10T19:30:43+08:00 ] ::1 /xingkong/Public/Home//xingkong/Public/Home/images/78.png
INFO: [ app_init ] --START--
INFO: Run Behavior\BuildLiteBehavior [ RunTime:0.000123s ]
INFO: [ app_init ] --END-- [ RunTime:0.002957s ]
ERR: 无法加载模块:Public

[ 2015-06-10T19:31:39+08:00 ] ::1 /xingkong/Public/Home//xingkong/Public/Home/images/78.png
INFO: [ app_init ] --START--
INFO: Run Behavior\BuildLiteBehavior [ RunTime:0.000024s ]
INFO: [ app_init ] --END-- [ RunTime:0.000492s ]
ERR: 无法加载模块:Public

[ 2015-06-10T20:23:08+08:00 ] ::1 /xingkong/Public/Home//xingkong/Public/Home/images/78.png
INFO: [ app_init ] --START--
INFO: Run Behavior\BuildLiteBehavior [ RunTime:0.000031s ]
INFO: [ app_init ] --END-- [ RunTime:0.000607s ]
ERR: 无法加载模块:Public

[ 2015-06-10T20:26:22+08:00 ] ::1 /xingkong/Public/Home//xingkong/Public/Home/images/78.png
INFO: [ app_init ] --START--
INFO: Run Behavior\BuildLiteBehavior [ RunTime:0.000026s ]
INFO: [ app_init ] --END-- [ RunTime:0.000532s ]
ERR: 无法加载模块:Public

[ 2015-06-10T20:27:52+08:00 ] ::1 /xingkong/Public/Home//xingkong/Public/Home/images/78.png
INFO: [ app_init ] --START--
INFO: Run Behavior\BuildLiteBehavior [ RunTime:0.000032s ]
INFO: [ app_init ] --END-- [ RunTime:0.000968s ]
ERR: 无法加载模块:Public

[ 2015-06-10T20:27:59+08:00 ] ::1 /xingkong/Public/Home//xingkong/Public/Home/images/78.png
INFO: [ app_init ] --START--
INFO: Run Behavior\BuildLiteBehavior [ RunTime:0.000026s ]
INFO: [ app_init ] --END-- [ RunTime:0.000575s ]
ERR: 无法加载模块:Public

[ 2015-06-10T20:28:50+08:00 ] ::1 /xingkong/Public/Home//xingkong/Public/Home/images/78.png
INFO: [ app_init ] --START--
INFO: Run Behavior\BuildLiteBehavior [ RunTime:0.000024s ]
INFO: [ app_init ] --END-- [ RunTime:0.000655s ]
ERR: 无法加载模块:Public

[ 2015-06-10T20:29:41+08:00 ] ::1 /xingkong/Public/Home//xingkong/Public/Home/images/78.png
INFO: [ app_init ] --START--
INFO: Run Behavior\BuildLiteBehavior [ RunTime:0.000028s ]
INFO: [ app_init ] --END-- [ RunTime:0.000523s ]
ERR: 无法加载模块:Public

[ 2015-06-10T20:35:03+08:00 ] ::1 /xingkong/Public/Home//xingkong/Public/Home/images/78.png
INFO: [ app_init ] --START--
INFO: Run Behavior\BuildLiteBehavior [ RunTime:0.000024s ]
INFO: [ app_init ] --END-- [ RunTime:0.000513s ]
ERR: 无法加载模块:Public

[ 2015-06-10T22:09:35+08:00 ] ::1 /xingkong/Public/Home//xingkong/Public/Home/images/78.png
INFO: [ app_init ] --START--
INFO: Run Behavior\BuildLiteBehavior [ RunTime:0.000026s ]
INFO: [ app_init ] --END-- [ RunTime:0.000622s ]
ERR: 无法加载模块:Public

[ 2015-06-10T22:09:45+08:00 ] ::1 /xingkong/Public/Home//xingkong/Public/Home/images/78.png
INFO: [ app_init ] --START--
INFO: Run Behavior\BuildLiteBehavior [ RunTime:0.000017s ]
INFO: [ app_init ] --END-- [ RunTime:0.000356s ]
ERR: 无法加载模块:Public

[ 2015-06-10T22:09:47+08:00 ] ::1 /xingkong/Public/Home//xingkong/Public/Home/images/78.png
INFO: [ app_init ] --START--
INFO: Run Behavior\BuildLiteBehavior [ RunTime:0.000030s ]
INFO: [ app_init ] --END-- [ RunTime:0.001122s ]
ERR: 无法加载模块:Public

[ 2015-06-10T22:09:48+08:00 ] ::1 /xingkong/Public/Home//xingkong/Public/Home/images/78.png
INFO: [ app_init ] --START--
INFO: Run Behavior\BuildLiteBehavior [ RunTime:0.000027s ]
INFO: [ app_init ] --END-- [ RunTime:0.000576s ]
ERR: 无法加载模块:Public

[ 2015-06-10T22:10:36+08:00 ] ::1 /xingkong/Public/Home//xingkong/Public/Home/images/78.png
INFO: [ app_init ] --START--
INFO: Run Behavior\BuildLiteBehavior [ RunTime:0.000031s ]
INFO: [ app_init ] --END-- [ RunTime:0.000765s ]
ERR: 无法加载模块:Public

[ 2015-06-10T22:11:43+08:00 ] ::1 /xingkong/Public/Home//xingkong/Public/Home/images/78.png
INFO: [ app_init ] --START--
INFO: Run Behavior\BuildLiteBehavior [ RunTime:0.000024s ]
INFO: [ app_init ] --END-- [ RunTime:0.000513s ]
ERR: 无法加载模块:Public

[ 2015-06-10T22:12:28+08:00 ] ::1 /xingkong/Public/Home//xingkong/Public/Home/images/78.png
INFO: [ app_init ] --START--
INFO: Run Behavior\BuildLiteBehavior [ RunTime:0.008868s ]
INFO: [ app_init ] --END-- [ RunTime:0.009406s ]
ERR: 无法加载模块:Public

[ 2015-06-10T22:15:56+08:00 ] ::1 /xingkong/Public/Home//xingkong/Public/Home/images/78.png
INFO: [ app_init ] --START--
INFO: Run Behavior\BuildLiteBehavior [ RunTime:0.000035s ]
INFO: [ app_init ] --END-- [ RunTime:0.000719s ]
ERR: 无法加载模块:Public

[ 2015-06-10T22:17:57+08:00 ] ::1 /xingkong/Public/Home//xingkong/Public/Home/images/78.png
INFO: [ app_init ] --START--
INFO: Run Behavior\BuildLiteBehavior [ RunTime:0.000025s ]
INFO: [ app_init ] --END-- [ RunTime:0.000589s ]
ERR: 无法加载模块:Public

[ 2015-06-10T22:18:15+08:00 ] ::1 /xingkong/Public/Home//xingkong/Public/Home/images/78.png
INFO: [ app_init ] --START--
INFO: Run Behavior\BuildLiteBehavior [ RunTime:0.000038s ]
INFO: [ app_init ] --END-- [ RunTime:0.000759s ]
ERR: 无法加载模块:Public

[ 2015-06-10T22:19:10+08:00 ] ::1 /xingkong/Public/Home//xingkong/Public/Home/images/78.png
INFO: [ app_init ] --START--
INFO: Run Behavior\BuildLiteBehavior [ RunTime:0.000027s ]
INFO: [ app_init ] --END-- [ RunTime:0.000527s ]
ERR: 无法加载模块:Public

[ 2015-06-10T22:19:33+08:00 ] ::1 /xingkong/Public/Home//xingkong/Public/Home/images/78.png
INFO: [ app_init ] --START--
INFO: Run Behavior\BuildLiteBehavior [ RunTime:0.000027s ]
INFO: [ app_init ] --END-- [ RunTime:0.000512s ]
ERR: 无法加载模块:Public

[ 2015-06-10T22:21:32+08:00 ] ::1 /xingkong/Public/Home//xingkong/Public/Home/images/78.png
INFO: [ app_init ] --START--
INFO: Run Behavior\BuildLiteBehavior [ RunTime:0.000029s ]
INFO: [ app_init ] --END-- [ RunTime:0.000793s ]
ERR: 无法加载模块:Public

[ 2015-06-10T22:21:49+08:00 ] ::1 /xingkong/Public/Home//xingkong/Public/Home/images/78.png
INFO: [ app_init ] --START--
INFO: Run Behavior\BuildLiteBehavior [ RunTime:0.000025s ]
INFO: [ app_init ] --END-- [ RunTime:0.000529s ]
ERR: 无法加载模块:Public

