[ 2015-06-09T09:45:32+08:00 ] ::1 /xingkong/Public/Home//xingkong/Public/Home/images/78.png
INFO: [ app_init ] --START--
INFO: Run Behavior\BuildLiteBehavior [ RunTime:0.000029s ]
INFO: [ app_init ] --END-- [ RunTime:0.000657s ]
ERR: 无法加载模块:Public

[ 2015-06-09T09:47:21+08:00 ] ::1 /xingkong/Public/Home//xingkong/Public/Home/images/78.png
INFO: [ app_init ] --START--
INFO: Run Behavior\BuildLiteBehavior [ RunTime:0.000017s ]
INFO: [ app_init ] --END-- [ RunTime:0.000360s ]
ERR: 无法加载模块:Public

[ 2015-06-09T12:20:18+08:00 ] ::1 /xingkong/Public/Plugin/pdfjs/viewer.css
INFO: [ app_init ] --START--
INFO: Run Behavior\BuildLiteBehavior [ RunTime:0.000023s ]
INFO: [ app_init ] --END-- [ RunTime:0.000483s ]
ERR: 无法加载模块:Public

[ 2015-06-09T12:20:19+08:00 ] ::1 /xingkong/Public/Plugin/pdfjs/viewer.css
INFO: [ app_init ] --START--
INFO: Run Behavior\BuildLiteBehavior [ RunTime:0.000026s ]
INFO: [ app_init ] --END-- [ RunTime:0.000530s ]
ERR: 无法加载模块:Public

[ 2015-06-09T12:28:54+08:00 ] ::1 /xingkong/Public/Plugin/pdfjs/build/pdf.workwr.js
INFO: [ app_init ] --START--
INFO: Run Behavior\BuildLiteBehavior [ RunTime:0.000021s ]
INFO: [ app_init ] --END-- [ RunTime:0.000392s ]
ERR: 无法加载模块:Public

[ 2015-06-09T12:28:55+08:00 ] ::1 /xingkong/Public/Plugin/pdfjs/build/pdf.workwr.js
INFO: [ app_init ] --START--
INFO: Run Behavior\BuildLiteBehavior [ RunTime:0.000036s ]
INFO: [ app_init ] --END-- [ RunTime:0.000745s ]
ERR: 无法加载模块:Public

[ 2015-06-09T12:41:15+08:00 ] ::1 /xingkong/Public/Home//xingkong/Public/Home/images/78.png
INFO: [ app_init ] --START--
INFO: Run Behavior\BuildLiteBehavior [ RunTime:0.000060s ]
INFO: [ app_init ] --END-- [ RunTime:0.001067s ]
ERR: 无法加载模块:Public

[ 2015-06-09T13:25:37+08:00 ] ::1 /xingkong/Public/Home//xingkong/Public/Home/images/78.png
INFO: [ app_init ] --START--
INFO: Run Behavior\BuildLiteBehavior [ RunTime:0.000040s ]
INFO: [ app_init ] --END-- [ RunTime:0.001157s ]
ERR: 无法加载模块:Public

[ 2015-06-09T13:27:17+08:00 ] ::1 /xingkong/Public/Home//xingkong/Public/Home/images/78.png
INFO: [ app_init ] --START--
INFO: Run Behavior\BuildLiteBehavior [ RunTime:0.000024s ]
INFO: [ app_init ] --END-- [ RunTime:0.000525s ]
ERR: 无法加载模块:Public

[ 2015-06-09T13:30:02+08:00 ] ::1 /xingkong/Public/Home/image/5.jpg
INFO: [ app_init ] --START--
INFO: Run Behavior\BuildLiteBehavior [ RunTime:0.000022s ]
INFO: [ app_init ] --END-- [ RunTime:0.000448s ]
ERR: 无法加载模块:Public

[ 2015-06-09T13:30:02+08:00 ] ::1 /xingkong/Public/Home/image/4.jpg
INFO: [ app_init ] --START--
INFO: Run Behavior\BuildLiteBehavior [ RunTime:0.000021s ]
INFO: [ app_init ] --END-- [ RunTime:0.000478s ]
ERR: 无法加载模块:Public

[ 2015-06-09T13:30:02+08:00 ] ::1 /xingkong/Public/Home/image/li1.png
INFO: [ app_init ] --START--
INFO: Run Behavior\BuildLiteBehavior [ RunTime:0.000019s ]
INFO: [ app_init ] --END-- [ RunTime:0.000436s ]
ERR: 无法加载模块:Public

[ 2015-06-09T13:30:02+08:00 ] ::1 /xingkong/Public/Home/image/6.jpg
INFO: [ app_init ] --START--
INFO: Run Behavior\BuildLiteBehavior [ RunTime:0.000020s ]
INFO: [ app_init ] --END-- [ RunTime:0.000443s ]
ERR: 无法加载模块:Public

[ 2015-06-09T13:30:02+08:00 ] ::1 /xingkong/Public/Home/image/7.jpg
INFO: [ app_init ] --START--
INFO: Run Behavior\BuildLiteBehavior [ RunTime:0.000022s ]
INFO: [ app_init ] --END-- [ RunTime:0.000482s ]
ERR: 无法加载模块:Public

[ 2015-06-09T13:30:02+08:00 ] ::1 /xingkong/Public/Home/image/8.jpg
INFO: [ app_init ] --START--
INFO: Run Behavior\BuildLiteBehavior [ RunTime:0.000019s ]
INFO: [ app_init ] --END-- [ RunTime:0.000432s ]
ERR: 无法加载模块:Public

[ 2015-06-09T13:30:02+08:00 ] ::1 /xingkong/Public/Home/image/9.jpg
INFO: [ app_init ] --START--
INFO: Run Behavior\BuildLiteBehavior [ RunTime:0.000057s ]
INFO: [ app_init ] --END-- [ RunTime:0.000699s ]
ERR: 无法加载模块:Public

[ 2015-06-09T13:30:12+08:00 ] ::1 /xingkong/Public/Home//xingkong/Public/Home/images/78.png
INFO: [ app_init ] --START--
INFO: Run Behavior\BuildLiteBehavior [ RunTime:0.000019s ]
INFO: [ app_init ] --END-- [ RunTime:0.000423s ]
ERR: 无法加载模块:Public

[ 2015-06-09T13:33:27+08:00 ] ::1 /xingkong/Public/Home//xingkong/Public/Home/images/78.png
INFO: [ app_init ] --START--
INFO: Run Behavior\BuildLiteBehavior [ RunTime:0.000028s ]
INFO: [ app_init ] --END-- [ RunTime:0.000591s ]
ERR: 无法加载模块:Public

[ 2015-06-09T13:35:40+08:00 ] ::1 /xingkong/Public/Home//xingkong/Public/Home/images/78.png
INFO: [ app_init ] --START--
INFO: Run Behavior\BuildLiteBehavior [ RunTime:0.000025s ]
INFO: [ app_init ] --END-- [ RunTime:0.000523s ]
ERR: 无法加载模块:Public

[ 2015-06-09T13:35:43+08:00 ] ::1 /xingkong/Public/Home//xingkong/Public/Home/images/78.png
INFO: [ app_init ] --START--
INFO: Run Behavior\BuildLiteBehavior [ RunTime:0.000018s ]
INFO: [ app_init ] --END-- [ RunTime:0.000386s ]
ERR: 无法加载模块:Public

[ 2015-06-09T13:40:03+08:00 ] ::1 /xingkong/Public/Home//xingkong/Public/Home/images/78.png
INFO: [ app_init ] --START--
INFO: Run Behavior\BuildLiteBehavior [ RunTime:0.000023s ]
INFO: [ app_init ] --END-- [ RunTime:0.000525s ]
ERR: 无法加载模块:Public

[ 2015-06-09T13:53:44+08:00 ] ::1 /xingkong/Public/Home//xingkong/Public/Home/images/78.png
INFO: [ app_init ] --START--
INFO: Run Behavior\BuildLiteBehavior [ RunTime:0.000030s ]
INFO: [ app_init ] --END-- [ RunTime:0.000761s ]
ERR: 无法加载模块:Public

[ 2015-06-09T14:39:36+08:00 ] ::1 /xingkong/Public/Home//xingkong/Public/Home/images/78.png
INFO: [ app_init ] --START--
INFO: Run Behavior\BuildLiteBehavior [ RunTime:0.000035s ]
INFO: [ app_init ] --END-- [ RunTime:0.000610s ]
ERR: 无法加载模块:Public

[ 2015-06-09T15:00:35+08:00 ] ::1 /xingkong/Public/Home//xingkong/Public/Home/images/78.png
INFO: [ app_init ] --START--
INFO: Run Behavior\BuildLiteBehavior [ RunTime:0.000025s ]
INFO: [ app_init ] --END-- [ RunTime:0.000600s ]
ERR: 无法加载模块:Public

[ 2015-06-09T15:03:37+08:00 ] ::1 /xingkong/Public/Home//xingkong/Public/Home/images/78.png
INFO: [ app_init ] --START--
INFO: Run Behavior\BuildLiteBehavior [ RunTime:0.000037s ]
INFO: [ app_init ] --END-- [ RunTime:0.000905s ]
ERR: 无法加载模块:Public

[ 2015-06-09T15:03:49+08:00 ] ::1 /xingkong/Public/Home//xingkong/Public/Home/images/78.png
INFO: [ app_init ] --START--
INFO: Run Behavior\BuildLiteBehavior [ RunTime:0.000026s ]
INFO: [ app_init ] --END-- [ RunTime:0.000831s ]
ERR: 无法加载模块:Public

[ 2015-06-09T15:06:06+08:00 ] ::1 /xingkong/Public/Home//xingkong/Public/Home/images/78.png
INFO: [ app_init ] --START--
INFO: Run Behavior\BuildLiteBehavior [ RunTime:0.000059s ]
INFO: [ app_init ] --END-- [ RunTime:0.001439s ]
ERR: 无法加载模块:Public

[ 2015-06-09T15:06:33+08:00 ] ::1 /xingkong/Public/Home//xingkong/Public/Home/images/78.png
INFO: [ app_init ] --START--
INFO: Run Behavior\BuildLiteBehavior [ RunTime:0.000605s ]
INFO: [ app_init ] --END-- [ RunTime:0.001659s ]
ERR: 无法加载模块:Public

[ 2015-06-09T15:11:27+08:00 ] ::1 /xingkong/Public/Home//xingkong/Public/Home/images/78.png
INFO: [ app_init ] --START--
INFO: Run Behavior\BuildLiteBehavior [ RunTime:0.000023s ]
INFO: [ app_init ] --END-- [ RunTime:0.000788s ]
ERR: 无法加载模块:Public

[ 2015-06-09T15:11:29+08:00 ] ::1 /xingkong/Public/Home//xingkong/Public/Home/images/78.png
INFO: [ app_init ] --START--
INFO: Run Behavior\BuildLiteBehavior [ RunTime:0.000014s ]
INFO: [ app_init ] --END-- [ RunTime:0.000431s ]
ERR: 无法加载模块:Public

[ 2015-06-09T15:12:44+08:00 ] ::1 /xingkong/Public/Home//xingkong/Public/Home/images/78.png
INFO: [ app_init ] --START--
INFO: Run Behavior\BuildLiteBehavior [ RunTime:0.000078s ]
INFO: [ app_init ] --END-- [ RunTime:0.001707s ]
ERR: 无法加载模块:Public

[ 2015-06-09T15:13:04+08:00 ] ::1 /xingkong/Public/Home//xingkong/Public/Home/images/78.png
INFO: [ app_init ] --START--
INFO: Run Behavior\BuildLiteBehavior [ RunTime:0.000094s ]
INFO: [ app_init ] --END-- [ RunTime:0.001889s ]
ERR: 无法加载模块:Public

[ 2015-06-09T15:13:05+08:00 ] ::1 /xingkong/Public/Home//xingkong/Public/Home/images/78.png
INFO: [ app_init ] --START--
INFO: Run Behavior\BuildLiteBehavior [ RunTime:0.000031s ]
INFO: [ app_init ] --END-- [ RunTime:0.000862s ]
ERR: 无法加载模块:Public

[ 2015-06-09T15:13:40+08:00 ] ::1 /xingkong/Public/Home//xingkong/Public/Home/images/78.png
INFO: [ app_init ] --START--
INFO: Run Behavior\BuildLiteBehavior [ RunTime:0.000044s ]
INFO: [ app_init ] --END-- [ RunTime:0.001220s ]
ERR: 无法加载模块:Public

[ 2015-06-09T15:13:41+08:00 ] ::1 /xingkong/Public/Home//xingkong/Public/Home/images/78.png
INFO: [ app_init ] --START--
INFO: Run Behavior\BuildLiteBehavior [ RunTime:0.000052s ]
INFO: [ app_init ] --END-- [ RunTime:0.001976s ]
ERR: 无法加载模块:Public

[ 2015-06-09T15:14:33+08:00 ] ::1 /xingkong/Public/Home//xingkong/Public/Home/images/78.png
INFO: [ app_init ] --START--
INFO: Run Behavior\BuildLiteBehavior [ RunTime:0.000058s ]
INFO: [ app_init ] --END-- [ RunTime:0.003375s ]
ERR: 无法加载模块:Public

[ 2015-06-09T15:15:21+08:00 ] ::1 /xingkong/Public/Home//xingkong/Public/Home/images/78.png
INFO: [ app_init ] --START--
INFO: Run Behavior\BuildLiteBehavior [ RunTime:0.000048s ]
INFO: [ app_init ] --END-- [ RunTime:0.002422s ]
ERR: 无法加载模块:Public

[ 2015-06-09T15:15:46+08:00 ] ::1 /xingkong/Public/Home//xingkong/Public/Home/images/78.png
INFO: [ app_init ] --START--
INFO: Run Behavior\BuildLiteBehavior [ RunTime:0.000036s ]
INFO: [ app_init ] --END-- [ RunTime:0.000741s ]
ERR: 无法加载模块:Public

[ 2015-06-09T15:15:46+08:00 ] ::1 /xingkong/Public/Home//xingkong/Public/Home/images/78.png
INFO: [ app_init ] --START--
INFO: Run Behavior\BuildLiteBehavior [ RunTime:0.000017s ]
INFO: [ app_init ] --END-- [ RunTime:0.000386s ]
ERR: 无法加载模块:Public

[ 2015-06-09T15:17:23+08:00 ] ::1 /xingkong/Public/Home//xingkong/Public/Home/images/78.png
INFO: [ app_init ] --START--
INFO: Run Behavior\BuildLiteBehavior [ RunTime:0.000107s ]
INFO: [ app_init ] --END-- [ RunTime:0.002761s ]
ERR: 无法加载模块:Public

[ 2015-06-09T15:17:31+08:00 ] ::1 /xingkong/Public/Home//xingkong/Public/Home/images/78.png
INFO: [ app_init ] --START--
INFO: Run Behavior\BuildLiteBehavior [ RunTime:0.000038s ]
INFO: [ app_init ] --END-- [ RunTime:0.000604s ]
ERR: 无法加载模块:Public

[ 2015-06-09T15:19:10+08:00 ] ::1 /xingkong/Public/Home//xingkong/Public/Home/images/78.png
INFO: [ app_init ] --START--
INFO: Run Behavior\BuildLiteBehavior [ RunTime:0.000028s ]
INFO: [ app_init ] --END-- [ RunTime:0.000587s ]
ERR: 无法加载模块:Public

[ 2015-06-09T15:21:22+08:00 ] ::1 /xingkong/Public/Home//xingkong/Public/Home/images/78.png
INFO: [ app_init ] --START--
INFO: Run Behavior\BuildLiteBehavior [ RunTime:0.000017s ]
INFO: [ app_init ] --END-- [ RunTime:0.000432s ]
ERR: 无法加载模块:Public

[ 2015-06-09T15:21:42+08:00 ] ::1 /xingkong/Public/Home//xingkong/Public/Home/images/78.png
INFO: [ app_init ] --START--
INFO: Run Behavior\BuildLiteBehavior [ RunTime:0.000027s ]
INFO: [ app_init ] --END-- [ RunTime:0.000629s ]
ERR: 无法加载模块:Public

[ 2015-06-09T15:21:43+08:00 ] ::1 /xingkong/Public/Home//xingkong/Public/Home/images/78.png
INFO: [ app_init ] --START--
INFO: Run Behavior\BuildLiteBehavior [ RunTime:0.000190s ]
INFO: [ app_init ] --END-- [ RunTime:0.001949s ]
ERR: 无法加载模块:Public

[ 2015-06-09T15:22:01+08:00 ] ::1 /xingkong/Public/Home//xingkong/Public/Home/images/78.png
INFO: [ app_init ] --START--
INFO: Run Behavior\BuildLiteBehavior [ RunTime:0.000024s ]
INFO: [ app_init ] --END-- [ RunTime:0.000605s ]
ERR: 无法加载模块:Public

[ 2015-06-09T15:22:02+08:00 ] ::1 /xingkong/Public/Home//xingkong/Public/Home/images/78.png
INFO: [ app_init ] --START--
INFO: Run Behavior\BuildLiteBehavior [ RunTime:0.000039s ]
INFO: [ app_init ] --END-- [ RunTime:0.001221s ]
ERR: 无法加载模块:Public

[ 2015-06-09T15:22:14+08:00 ] ::1 /xingkong/Public/Home//xingkong/Public/Home/images/78.png
INFO: [ app_init ] --START--
INFO: Run Behavior\BuildLiteBehavior [ RunTime:0.000082s ]
INFO: [ app_init ] --END-- [ RunTime:0.001655s ]
ERR: 无法加载模块:Public

[ 2015-06-09T15:22:15+08:00 ] ::1 /xingkong/Public/Home//xingkong/Public/Home/images/78.png
INFO: [ app_init ] --START--
INFO: Run Behavior\BuildLiteBehavior [ RunTime:0.000041s ]
INFO: [ app_init ] --END-- [ RunTime:0.003969s ]
ERR: 无法加载模块:Public

[ 2015-06-09T15:22:40+08:00 ] ::1 /xingkong/Public/Home//xingkong/Public/Home/images/78.png
INFO: [ app_init ] --START--
INFO: Run Behavior\BuildLiteBehavior [ RunTime:0.000030s ]
INFO: [ app_init ] --END-- [ RunTime:0.000894s ]
ERR: 无法加载模块:Public

[ 2015-06-09T15:22:41+08:00 ] ::1 /xingkong/Public/Home//xingkong/Public/Home/images/78.png
INFO: [ app_init ] --START--
INFO: Run Behavior\BuildLiteBehavior [ RunTime:0.000029s ]
INFO: [ app_init ] --END-- [ RunTime:0.000605s ]
ERR: 无法加载模块:Public

[ 2015-06-09T15:22:47+08:00 ] ::1 /xingkong/Public/Home//xingkong/Public/Home/images/78.png
INFO: [ app_init ] --START--
INFO: Run Behavior\BuildLiteBehavior [ RunTime:0.000017s ]
INFO: [ app_init ] --END-- [ RunTime:0.000369s ]
ERR: 无法加载模块:Public

[ 2015-06-09T15:22:47+08:00 ] ::1 /xingkong/Public/Home//xingkong/Public/Home/images/78.png
INFO: [ app_init ] --START--
INFO: Run Behavior\BuildLiteBehavior [ RunTime:0.000038s ]
INFO: [ app_init ] --END-- [ RunTime:0.000683s ]
ERR: 无法加载模块:Public

[ 2015-06-09T15:22:58+08:00 ] ::1 /xingkong/Public/Home//xingkong/Public/Home/images/78.png
INFO: [ app_init ] --START--
INFO: Run Behavior\BuildLiteBehavior [ RunTime:0.000025s ]
INFO: [ app_init ] --END-- [ RunTime:0.000522s ]
ERR: 无法加载模块:Public

[ 2015-06-09T15:23:18+08:00 ] ::1 /xingkong/Public/Home//xingkong/Public/Home/images/78.png
INFO: [ app_init ] --START--
INFO: Run Behavior\BuildLiteBehavior [ RunTime:0.000016s ]
INFO: [ app_init ] --END-- [ RunTime:0.000355s ]
ERR: 无法加载模块:Public

[ 2015-06-09T15:24:12+08:00 ] ::1 /xingkong/Public/Home//xingkong/Public/Home/images/78.png
INFO: [ app_init ] --START--
INFO: Run Behavior\BuildLiteBehavior [ RunTime:0.000025s ]
INFO: [ app_init ] --END-- [ RunTime:0.000564s ]
ERR: 无法加载模块:Public

[ 2015-06-09T15:24:13+08:00 ] ::1 /xingkong/Public/Home//xingkong/Public/Home/images/78.png
INFO: [ app_init ] --START--
INFO: Run Behavior\BuildLiteBehavior [ RunTime:0.000048s ]
INFO: [ app_init ] --END-- [ RunTime:0.000870s ]
ERR: 无法加载模块:Public

[ 2015-06-09T15:24:44+08:00 ] ::1 /xingkong/Public/Home//xingkong/Public/Home/images/78.png
INFO: [ app_init ] --START--
INFO: Run Behavior\BuildLiteBehavior [ RunTime:0.000038s ]
INFO: [ app_init ] --END-- [ RunTime:0.000812s ]
ERR: 无法加载模块:Public

[ 2015-06-09T15:24:45+08:00 ] ::1 /xingkong/Public/Home//xingkong/Public/Home/images/78.png
INFO: [ app_init ] --START--
INFO: Run Behavior\BuildLiteBehavior [ RunTime:0.000029s ]
INFO: [ app_init ] --END-- [ RunTime:0.000639s ]
ERR: 无法加载模块:Public

[ 2015-06-09T15:25:36+08:00 ] ::1 /xingkong/Public/Home//xingkong/Public/Home/images/78.png
INFO: [ app_init ] --START--
INFO: Run Behavior\BuildLiteBehavior [ RunTime:0.000046s ]
INFO: [ app_init ] --END-- [ RunTime:0.000689s ]
ERR: 无法加载模块:Public

[ 2015-06-09T15:26:11+08:00 ] ::1 /xingkong/Public/Home//xingkong/Public/Home/images/78.png
INFO: [ app_init ] --START--
INFO: Run Behavior\BuildLiteBehavior [ RunTime:0.000385s ]
INFO: [ app_init ] --END-- [ RunTime:0.002664s ]
ERR: 无法加载模块:Public

[ 2015-06-09T15:26:44+08:00 ] ::1 /xingkong/Public/Home//xingkong/Public/Home/images/78.png
INFO: [ app_init ] --START--
INFO: Run Behavior\BuildLiteBehavior [ RunTime:0.000023s ]
INFO: [ app_init ] --END-- [ RunTime:0.000464s ]
ERR: 无法加载模块:Public

[ 2015-06-09T15:26:45+08:00 ] ::1 /xingkong/Public/Home//xingkong/Public/Home/images/78.png
INFO: [ app_init ] --START--
INFO: Run Behavior\BuildLiteBehavior [ RunTime:0.000024s ]
INFO: [ app_init ] --END-- [ RunTime:0.000526s ]
ERR: 无法加载模块:Public

[ 2015-06-09T15:27:21+08:00 ] ::1 /xingkong/Public/Home//xingkong/Public/Home/images/78.png
INFO: [ app_init ] --START--
INFO: Run Behavior\BuildLiteBehavior [ RunTime:0.000023s ]
INFO: [ app_init ] --END-- [ RunTime:0.000395s ]
ERR: 无法加载模块:Public

[ 2015-06-09T15:27:22+08:00 ] ::1 /xingkong/Public/Home//xingkong/Public/Home/images/78.png
INFO: [ app_init ] --START--
INFO: Run Behavior\BuildLiteBehavior [ RunTime:0.000030s ]
INFO: [ app_init ] --END-- [ RunTime:0.000605s ]
ERR: 无法加载模块:Public

[ 2015-06-09T15:27:41+08:00 ] ::1 /xingkong/Public/Home//xingkong/Public/Home/images/78.png
INFO: [ app_init ] --START--
INFO: Run Behavior\BuildLiteBehavior [ RunTime:0.000027s ]
INFO: [ app_init ] --END-- [ RunTime:0.000682s ]
ERR: 无法加载模块:Public

[ 2015-06-09T15:27:41+08:00 ] ::1 /xingkong/Public/Home//xingkong/Public/Home/images/78.png
INFO: [ app_init ] --START--
INFO: Run Behavior\BuildLiteBehavior [ RunTime:0.000036s ]
INFO: [ app_init ] --END-- [ RunTime:0.000819s ]
ERR: 无法加载模块:Public

[ 2015-06-09T15:28:31+08:00 ] ::1 /xingkong/Public/Home//xingkong/Public/Home/images/78.png
INFO: [ app_init ] --START--
INFO: Run Behavior\BuildLiteBehavior [ RunTime:0.000027s ]
INFO: [ app_init ] --END-- [ RunTime:0.000867s ]
ERR: 无法加载模块:Public

[ 2015-06-09T15:28:46+08:00 ] ::1 /xingkong/Public/Home//xingkong/Public/Home/images/78.png
INFO: [ app_init ] --START--
INFO: Run Behavior\BuildLiteBehavior [ RunTime:0.000052s ]
INFO: [ app_init ] --END-- [ RunTime:0.001192s ]
ERR: 无法加载模块:Public

[ 2015-06-09T15:29:29+08:00 ] ::1 /xingkong/Public/Home//xingkong/Public/Home/images/78.png
INFO: [ app_init ] --START--
INFO: Run Behavior\BuildLiteBehavior [ RunTime:0.000058s ]
INFO: [ app_init ] --END-- [ RunTime:0.001477s ]
ERR: 无法加载模块:Public

[ 2015-06-09T15:29:31+08:00 ] ::1 /xingkong/Public/Home//xingkong/Public/Home/images/78.png
INFO: [ app_init ] --START--
INFO: Run Behavior\BuildLiteBehavior [ RunTime:0.000022s ]
INFO: [ app_init ] --END-- [ RunTime:0.000415s ]
ERR: 无法加载模块:Public

[ 2015-06-09T15:29:45+08:00 ] ::1 /xingkong/Public/Home//xingkong/Public/Home/images/78.png
INFO: [ app_init ] --START--
INFO: Run Behavior\BuildLiteBehavior [ RunTime:0.000038s ]
INFO: [ app_init ] --END-- [ RunTime:0.000828s ]
ERR: 无法加载模块:Public

[ 2015-06-09T15:29:46+08:00 ] ::1 /xingkong/Public/Home//xingkong/Public/Home/images/78.png
INFO: [ app_init ] --START--
INFO: Run Behavior\BuildLiteBehavior [ RunTime:0.000160s ]
INFO: [ app_init ] --END-- [ RunTime:0.001559s ]
ERR: 无法加载模块:Public

[ 2015-06-09T15:30:21+08:00 ] ::1 /xingkong/Public/Home//xingkong/Public/Home/images/78.png
INFO: [ app_init ] --START--
INFO: Run Behavior\BuildLiteBehavior [ RunTime:0.000063s ]
INFO: [ app_init ] --END-- [ RunTime:0.001347s ]
ERR: 无法加载模块:Public

[ 2015-06-09T15:30:22+08:00 ] ::1 /xingkong/Public/Home//xingkong/Public/Home/images/78.png
INFO: [ app_init ] --START--
INFO: Run Behavior\BuildLiteBehavior [ RunTime:0.000016s ]
INFO: [ app_init ] --END-- [ RunTime:0.000344s ]
ERR: 无法加载模块:Public

[ 2015-06-09T15:30:31+08:00 ] ::1 /xingkong/Public/Home//xingkong/Public/Home/images/78.png
INFO: [ app_init ] --START--
INFO: Run Behavior\BuildLiteBehavior [ RunTime:0.000018s ]
INFO: [ app_init ] --END-- [ RunTime:0.000510s ]
ERR: 无法加载模块:Public

[ 2015-06-09T15:30:57+08:00 ] ::1 /xingkong/Public/Home//xingkong/Public/Home/images/78.png
INFO: [ app_init ] --START--
INFO: Run Behavior\BuildLiteBehavior [ RunTime:0.000025s ]
INFO: [ app_init ] --END-- [ RunTime:0.000514s ]
ERR: 无法加载模块:Public

[ 2015-06-09T15:31:19+08:00 ] ::1 /xingkong/Public/Home//xingkong/Public/Home/images/78.png
INFO: [ app_init ] --START--
INFO: Run Behavior\BuildLiteBehavior [ RunTime:0.000035s ]
INFO: [ app_init ] --END-- [ RunTime:0.000701s ]
ERR: 无法加载模块:Public

[ 2015-06-09T15:31:20+08:00 ] ::1 /xingkong/Public/Home//xingkong/Public/Home/images/78.png
INFO: [ app_init ] --START--
INFO: Run Behavior\BuildLiteBehavior [ RunTime:0.000036s ]
INFO: [ app_init ] --END-- [ RunTime:0.000534s ]
ERR: 无法加载模块:Public

[ 2015-06-09T15:33:19+08:00 ] ::1 /xingkong/Public/Home//xingkong/Public/Home/images/78.png
INFO: [ app_init ] --START--
INFO: Run Behavior\BuildLiteBehavior [ RunTime:0.000020s ]
INFO: [ app_init ] --END-- [ RunTime:0.000835s ]
ERR: 无法加载模块:Public

[ 2015-06-09T15:33:22+08:00 ] ::1 /xingkong/Public/Home//xingkong/Public/Home/images/78.png
INFO: [ app_init ] --START--
INFO: Run Behavior\BuildLiteBehavior [ RunTime:0.000026s ]
INFO: [ app_init ] --END-- [ RunTime:0.000568s ]
ERR: 无法加载模块:Public

[ 2015-06-09T15:33:22+08:00 ] ::1 /xingkong/Public/Home//xingkong/Public/Home/images/78.png
INFO: [ app_init ] --START--
INFO: Run Behavior\BuildLiteBehavior [ RunTime:0.000090s ]
INFO: [ app_init ] --END-- [ RunTime:0.002187s ]
ERR: 无法加载模块:Public

[ 2015-06-09T15:33:23+08:00 ] ::1 /xingkong/Public/Home//xingkong/Public/Home/images/78.png
INFO: [ app_init ] --START--
INFO: Run Behavior\BuildLiteBehavior [ RunTime:0.000084s ]
INFO: [ app_init ] --END-- [ RunTime:0.001486s ]
ERR: 无法加载模块:Public

[ 2015-06-09T15:34:22+08:00 ] ::1 /xingkong/Public/Home//xingkong/Public/Home/images/78.png
INFO: [ app_init ] --START--
INFO: Run Behavior\BuildLiteBehavior [ RunTime:0.000048s ]
INFO: [ app_init ] --END-- [ RunTime:0.000540s ]
ERR: 无法加载模块:Public

[ 2015-06-09T15:34:23+08:00 ] ::1 /xingkong/Public/Home//xingkong/Public/Home/images/78.png
INFO: [ app_init ] --START--
INFO: Run Behavior\BuildLiteBehavior [ RunTime:0.000025s ]
INFO: [ app_init ] --END-- [ RunTime:0.000520s ]
ERR: 无法加载模块:Public

[ 2015-06-09T15:34:37+08:00 ] ::1 /xingkong/Public/Home//xingkong/Public/Home/images/78.png
INFO: [ app_init ] --START--
INFO: Run Behavior\BuildLiteBehavior [ RunTime:0.000025s ]
INFO: [ app_init ] --END-- [ RunTime:0.000629s ]
ERR: 无法加载模块:Public

[ 2015-06-09T15:34:38+08:00 ] ::1 /xingkong/Public/Home//xingkong/Public/Home/images/78.png
INFO: [ app_init ] --START--
INFO: Run Behavior\BuildLiteBehavior [ RunTime:0.000133s ]
INFO: [ app_init ] --END-- [ RunTime:0.001935s ]
ERR: 无法加载模块:Public

[ 2015-06-09T15:34:39+08:00 ] ::1 /xingkong/Public/Home//xingkong/Public/Home/images/78.png
INFO: [ app_init ] --START--
INFO: Run Behavior\BuildLiteBehavior [ RunTime:0.000019s ]
INFO: [ app_init ] --END-- [ RunTime:0.000813s ]
ERR: 无法加载模块:Public

[ 2015-06-09T15:35:28+08:00 ] ::1 /xingkong/Public/Home//xingkong/Public/Home/images/78.png
INFO: [ app_init ] --START--
INFO: Run Behavior\BuildLiteBehavior [ RunTime:0.000048s ]
INFO: [ app_init ] --END-- [ RunTime:0.001177s ]
ERR: 无法加载模块:Public

[ 2015-06-09T15:36:25+08:00 ] ::1 /xingkong/Public/Home//xingkong/Public/Home/images/78.png
INFO: [ app_init ] --START--
INFO: Run Behavior\BuildLiteBehavior [ RunTime:0.000024s ]
INFO: [ app_init ] --END-- [ RunTime:0.001685s ]
ERR: 无法加载模块:Public

[ 2015-06-09T15:37:01+08:00 ] ::1 /xingkong/Public/Home//xingkong/Public/Home/images/78.png
INFO: [ app_init ] --START--
INFO: Run Behavior\BuildLiteBehavior [ RunTime:0.000033s ]
INFO: [ app_init ] --END-- [ RunTime:0.000715s ]
ERR: 无法加载模块:Public

[ 2015-06-09T15:37:35+08:00 ] ::1 /xingkong/Public/Home//xingkong/Public/Home/images/78.png
INFO: [ app_init ] --START--
INFO: Run Behavior\BuildLiteBehavior [ RunTime:0.000056s ]
INFO: [ app_init ] --END-- [ RunTime:0.001830s ]
ERR: 无法加载模块:Public

[ 2015-06-09T15:37:36+08:00 ] ::1 /xingkong/Public/Home//xingkong/Public/Home/images/78.png
INFO: [ app_init ] --START--
INFO: Run Behavior\BuildLiteBehavior [ RunTime:0.000040s ]
INFO: [ app_init ] --END-- [ RunTime:0.000668s ]
ERR: 无法加载模块:Public

[ 2015-06-09T15:40:05+08:00 ] ::1 /xingkong/Public/Home//xingkong/Public/Home/images/78.png
INFO: [ app_init ] --START--
INFO: Run Behavior\BuildLiteBehavior [ RunTime:0.000044s ]
INFO: [ app_init ] --END-- [ RunTime:0.000984s ]
ERR: 无法加载模块:Public

[ 2015-06-09T15:40:06+08:00 ] ::1 /xingkong/Public/Home//xingkong/Public/Home/images/78.png
INFO: [ app_init ] --START--
INFO: Run Behavior\BuildLiteBehavior [ RunTime:0.000019s ]
INFO: [ app_init ] --END-- [ RunTime:0.000369s ]
ERR: 无法加载模块:Public

[ 2015-06-09T15:40:07+08:00 ] ::1 /xingkong/Public/Home//xingkong/Public/Home/images/78.png
INFO: [ app_init ] --START--
INFO: Run Behavior\BuildLiteBehavior [ RunTime:0.000037s ]
INFO: [ app_init ] --END-- [ RunTime:0.001035s ]
ERR: 无法加载模块:Public

[ 2015-06-09T15:40:38+08:00 ] ::1 /xingkong/Public/Home//xingkong/Public/Home/images/78.png
INFO: [ app_init ] --START--
INFO: Run Behavior\BuildLiteBehavior [ RunTime:0.000074s ]
INFO: [ app_init ] --END-- [ RunTime:0.001395s ]
ERR: 无法加载模块:Public

[ 2015-06-09T15:40:39+08:00 ] ::1 /xingkong/Public/Home//xingkong/Public/Home/images/78.png
INFO: [ app_init ] --START--
INFO: Run Behavior\BuildLiteBehavior [ RunTime:0.000027s ]
INFO: [ app_init ] --END-- [ RunTime:0.000557s ]
ERR: 无法加载模块:Public

[ 2015-06-09T15:40:40+08:00 ] ::1 /xingkong/Public/Home//xingkong/Public/Home/images/78.png
INFO: [ app_init ] --START--
INFO: Run Behavior\BuildLiteBehavior [ RunTime:0.000041s ]
INFO: [ app_init ] --END-- [ RunTime:0.000813s ]
ERR: 无法加载模块:Public

[ 2015-06-09T15:40:57+08:00 ] ::1 /xingkong/Public/Home//xingkong/Public/Home/images/78.png
INFO: [ app_init ] --START--
INFO: Run Behavior\BuildLiteBehavior [ RunTime:0.000040s ]
INFO: [ app_init ] --END-- [ RunTime:0.003115s ]
ERR: 无法加载模块:Public

[ 2015-06-09T15:41:43+08:00 ] ::1 /xingkong/Public/Home//xingkong/Public/Home/images/78.png
INFO: [ app_init ] --START--
INFO: Run Behavior\BuildLiteBehavior [ RunTime:0.000038s ]
INFO: [ app_init ] --END-- [ RunTime:0.000691s ]
ERR: 无法加载模块:Public

[ 2015-06-09T15:41:45+08:00 ] ::1 /xingkong/Public/Home//xingkong/Public/Home/images/78.png
INFO: [ app_init ] --START--
INFO: Run Behavior\BuildLiteBehavior [ RunTime:0.000024s ]
INFO: [ app_init ] --END-- [ RunTime:0.000599s ]
ERR: 无法加载模块:Public

[ 2015-06-09T15:41:52+08:00 ] ::1 /xingkong/Public/Home//xingkong/Public/Home/images/78.png
INFO: [ app_init ] --START--
INFO: Run Behavior\BuildLiteBehavior [ RunTime:0.000023s ]
INFO: [ app_init ] --END-- [ RunTime:0.000480s ]
ERR: 无法加载模块:Public

[ 2015-06-09T15:41:53+08:00 ] ::1 /xingkong/Public/Home//xingkong/Public/Home/images/78.png
INFO: [ app_init ] --START--
INFO: Run Behavior\BuildLiteBehavior [ RunTime:0.000025s ]
INFO: [ app_init ] --END-- [ RunTime:0.000518s ]
ERR: 无法加载模块:Public

[ 2015-06-09T15:42:10+08:00 ] ::1 /xingkong/Public/Home//xingkong/Public/Home/images/78.png
INFO: [ app_init ] --START--
INFO: Run Behavior\BuildLiteBehavior [ RunTime:0.000019s ]
INFO: [ app_init ] --END-- [ RunTime:0.000490s ]
ERR: 无法加载模块:Public

[ 2015-06-09T15:42:22+08:00 ] ::1 /xingkong/Public/Home//xingkong/Public/Home/images/78.png
INFO: [ app_init ] --START--
INFO: Run Behavior\BuildLiteBehavior [ RunTime:0.000029s ]
INFO: [ app_init ] --END-- [ RunTime:0.000985s ]
ERR: 无法加载模块:Public

[ 2015-06-09T15:42:23+08:00 ] ::1 /xingkong/Public/Home//xingkong/Public/Home/images/78.png
INFO: [ app_init ] --START--
INFO: Run Behavior\BuildLiteBehavior [ RunTime:0.000024s ]
INFO: [ app_init ] --END-- [ RunTime:0.000493s ]
ERR: 无法加载模块:Public

[ 2015-06-09T15:42:46+08:00 ] ::1 /xingkong/Public/Home//xingkong/Public/Home/images/78.png
INFO: [ app_init ] --START--
INFO: Run Behavior\BuildLiteBehavior [ RunTime:0.000028s ]
INFO: [ app_init ] --END-- [ RunTime:0.000565s ]
ERR: 无法加载模块:Public

[ 2015-06-09T15:42:56+08:00 ] ::1 /xingkong/Public/Home//xingkong/Public/Home/images/78.png
INFO: [ app_init ] --START--
INFO: Run Behavior\BuildLiteBehavior [ RunTime:0.000016s ]
INFO: [ app_init ] --END-- [ RunTime:0.000341s ]
ERR: 无法加载模块:Public

[ 2015-06-09T15:43:25+08:00 ] ::1 /xingkong/Public/Home//xingkong/Public/Home/images/78.png
INFO: [ app_init ] --START--
INFO: Run Behavior\BuildLiteBehavior [ RunTime:0.000096s ]
INFO: [ app_init ] --END-- [ RunTime:0.001462s ]
ERR: 无法加载模块:Public

[ 2015-06-09T15:43:26+08:00 ] ::1 /xingkong/Public/Home//xingkong/Public/Home/images/78.png
INFO: [ app_init ] --START--
INFO: Run Behavior\BuildLiteBehavior [ RunTime:0.000017s ]
INFO: [ app_init ] --END-- [ RunTime:0.000339s ]
ERR: 无法加载模块:Public

[ 2015-06-09T15:43:32+08:00 ] ::1 /xingkong/Public/Home//xingkong/Public/Home/images/78.png
INFO: [ app_init ] --START--
INFO: Run Behavior\BuildLiteBehavior [ RunTime:0.000056s ]
INFO: [ app_init ] --END-- [ RunTime:0.001192s ]
ERR: 无法加载模块:Public

[ 2015-06-09T15:43:33+08:00 ] ::1 /xingkong/Public/Home//xingkong/Public/Home/images/78.png
INFO: [ app_init ] --START--
INFO: Run Behavior\BuildLiteBehavior [ RunTime:0.000048s ]
INFO: [ app_init ] --END-- [ RunTime:0.000951s ]
ERR: 无法加载模块:Public

[ 2015-06-09T15:44:21+08:00 ] ::1 /xingkong/Public/Home//xingkong/Public/Home/images/78.png
INFO: [ app_init ] --START--
INFO: Run Behavior\BuildLiteBehavior [ RunTime:0.000022s ]
INFO: [ app_init ] --END-- [ RunTime:0.000464s ]
ERR: 无法加载模块:Public

[ 2015-06-09T15:44:22+08:00 ] ::1 /xingkong/Public/Home//xingkong/Public/Home/images/78.png
INFO: [ app_init ] --START--
INFO: Run Behavior\BuildLiteBehavior [ RunTime:0.000016s ]
INFO: [ app_init ] --END-- [ RunTime:0.000355s ]
ERR: 无法加载模块:Public

[ 2015-06-09T15:44:32+08:00 ] ::1 /xingkong/Public/Home//xingkong/Public/Home/images/78.png
INFO: [ app_init ] --START--
INFO: Run Behavior\BuildLiteBehavior [ RunTime:0.000015s ]
INFO: [ app_init ] --END-- [ RunTime:0.000342s ]
ERR: 无法加载模块:Public

[ 2015-06-09T15:44:33+08:00 ] ::1 /xingkong/Public/Home//xingkong/Public/Home/images/78.png
INFO: [ app_init ] --START--
INFO: Run Behavior\BuildLiteBehavior [ RunTime:0.000043s ]
INFO: [ app_init ] --END-- [ RunTime:0.000411s ]
ERR: 无法加载模块:Public

[ 2015-06-09T15:45:11+08:00 ] ::1 /xingkong/Public/Home//xingkong/Public/Home/images/78.png
INFO: [ app_init ] --START--
INFO: Run Behavior\BuildLiteBehavior [ RunTime:0.000085s ]
INFO: [ app_init ] --END-- [ RunTime:0.001193s ]
ERR: 无法加载模块:Public

[ 2015-06-09T15:45:12+08:00 ] ::1 /xingkong/Public/Home//xingkong/Public/Home/images/78.png
INFO: [ app_init ] --START--
INFO: Run Behavior\BuildLiteBehavior [ RunTime:0.000029s ]
INFO: [ app_init ] --END-- [ RunTime:0.000923s ]
ERR: 无法加载模块:Public

[ 2015-06-09T15:45:28+08:00 ] ::1 /xingkong/Public/Home//xingkong/Public/Home/images/78.png
INFO: [ app_init ] --START--
INFO: Run Behavior\BuildLiteBehavior [ RunTime:0.000043s ]
INFO: [ app_init ] --END-- [ RunTime:0.002040s ]
ERR: 无法加载模块:Public

[ 2015-06-09T15:45:42+08:00 ] ::1 /xingkong/Public/Home//xingkong/Public/Home/images/78.png
INFO: [ app_init ] --START--
INFO: Run Behavior\BuildLiteBehavior [ RunTime:0.000046s ]
INFO: [ app_init ] --END-- [ RunTime:0.000752s ]
ERR: 无法加载模块:Public

[ 2015-06-09T15:45:43+08:00 ] ::1 /xingkong/Public/Home//xingkong/Public/Home/images/78.png
INFO: [ app_init ] --START--
INFO: Run Behavior\BuildLiteBehavior [ RunTime:0.000016s ]
INFO: [ app_init ] --END-- [ RunTime:0.000337s ]
ERR: 无法加载模块:Public

[ 2015-06-09T15:45:54+08:00 ] ::1 /xingkong/Public/Home//xingkong/Public/Home/images/78.png
INFO: [ app_init ] --START--
INFO: Run Behavior\BuildLiteBehavior [ RunTime:0.000029s ]
INFO: [ app_init ] --END-- [ RunTime:0.000930s ]
ERR: 无法加载模块:Public

[ 2015-06-09T15:45:55+08:00 ] ::1 /xingkong/Public/Home//xingkong/Public/Home/images/78.png
INFO: [ app_init ] --START--
INFO: Run Behavior\BuildLiteBehavior [ RunTime:0.000016s ]
INFO: [ app_init ] --END-- [ RunTime:0.000348s ]
ERR: 无法加载模块:Public

[ 2015-06-09T15:46:35+08:00 ] ::1 /xingkong/Public/Home//xingkong/Public/Home/images/78.png
INFO: [ app_init ] --START--
INFO: Run Behavior\BuildLiteBehavior [ RunTime:0.000038s ]
INFO: [ app_init ] --END-- [ RunTime:0.000881s ]
ERR: 无法加载模块:Public

[ 2015-06-09T15:46:41+08:00 ] ::1 /xingkong/Public/Home//xingkong/Public/Home/images/78.png
INFO: [ app_init ] --START--
INFO: Run Behavior\BuildLiteBehavior [ RunTime:0.000106s ]
INFO: [ app_init ] --END-- [ RunTime:0.002270s ]
ERR: 无法加载模块:Public

[ 2015-06-09T15:47:16+08:00 ] ::1 /xingkong/Public/Home//xingkong/Public/Home/images/78.png
INFO: [ app_init ] --START--
INFO: Run Behavior\BuildLiteBehavior [ RunTime:0.000026s ]
INFO: [ app_init ] --END-- [ RunTime:0.000732s ]
ERR: 无法加载模块:Public

[ 2015-06-09T15:47:42+08:00 ] ::1 /xingkong/Public/Home//xingkong/Public/Home/images/78.png
INFO: [ app_init ] --START--
INFO: Run Behavior\BuildLiteBehavior [ RunTime:0.000055s ]
INFO: [ app_init ] --END-- [ RunTime:0.002165s ]
ERR: 无法加载模块:Public

[ 2015-06-09T15:48:09+08:00 ] ::1 /xingkong/Public/Home//xingkong/Public/Home/images/78.png
INFO: [ app_init ] --START--
INFO: Run Behavior\BuildLiteBehavior [ RunTime:0.000064s ]
INFO: [ app_init ] --END-- [ RunTime:0.001049s ]
ERR: 无法加载模块:Public

[ 2015-06-09T16:08:12+08:00 ] ::1 /xingkong/Public/Home//xingkong/Public/Home/images/78.png
INFO: [ app_init ] --START--
INFO: Run Behavior\BuildLiteBehavior [ RunTime:0.000027s ]
INFO: [ app_init ] --END-- [ RunTime:0.000586s ]
ERR: 无法加载模块:Public

[ 2015-06-09T16:15:23+08:00 ] ::1 /xingkong/Public/Home//xingkong/Public/Home/images/78.png
INFO: [ app_init ] --START--
INFO: Run Behavior\BuildLiteBehavior [ RunTime:0.000027s ]
INFO: [ app_init ] --END-- [ RunTime:0.000552s ]
ERR: 无法加载模块:Public

[ 2015-06-09T16:40:29+08:00 ] ::1 /xingkong/undefined
INFO: [ app_init ] --START--
INFO: Run Behavior\BuildLiteBehavior [ RunTime:0.000021s ]
INFO: [ app_init ] --END-- [ RunTime:0.000387s ]
ERR: 无法加载模块:Undefined

[ 2015-06-09T17:23:29+08:00 ] ::1 /xingkong/Public/Home//xingkong/Public/Home/images/78.png
INFO: [ app_init ] --START--
INFO: Run Behavior\BuildLiteBehavior [ RunTime:0.000025s ]
INFO: [ app_init ] --END-- [ RunTime:0.000542s ]
ERR: 无法加载模块:Public

[ 2015-06-09T18:07:29+08:00 ] ::1 /xingkong/Public/Home//xingkong/Public/Home/images/78.png
INFO: [ app_init ] --START--
INFO: Run Behavior\BuildLiteBehavior [ RunTime:0.000031s ]
INFO: [ app_init ] --END-- [ RunTime:0.001381s ]
ERR: 无法加载模块:Public

[ 2015-06-09T18:07:33+08:00 ] 127.0.0.1 /xingkong/Public/Home//xingkong/Public/Home/images/78.png
INFO: [ app_init ] --START--
INFO: Run Behavior\BuildLiteBehavior [ RunTime:0.000038s ]
INFO: [ app_init ] --END-- [ RunTime:0.000968s ]
ERR: 无法加载模块:Public

