[ 2015-06-04T23:06:21+08:00 ] ::1 /xingkong/index.php/Admin
INFO: [ app_init ] --START--
INFO: Run Behavior\BuildLiteBehavior [ RunTime:0.000027s ]
INFO: [ app_init ] --END-- [ RunTime:0.001045s ]
INFO: [ app_begin ] --START--
INFO: Run Behavior\ReadHtmlCacheBehavior [ RunTime:0.001415s ]
INFO: [ app_begin ] --END-- [ RunTime:0.001561s ]

[ 2015-06-04T23:06:21+08:00 ] ::1 /xingkong/Admin/Login/index
INFO: [ app_init ] --START--
INFO: Run Behavior\BuildLiteBehavior [ RunTime:0.000015s ]
INFO: [ app_init ] --END-- [ RunTime:0.000310s ]
INFO: [ app_begin ] --START--
INFO: Run Behavior\ReadHtmlCacheBehavior [ RunTime:0.000412s ]
INFO: [ app_begin ] --END-- [ RunTime:0.000466s ]
INFO: [ view_parse ] --START--
INFO: [ template_filter ] --START--
INFO: Run Behavior\ContentReplaceBehavior [ RunTime:0.000053s ]
INFO: [ template_filter ] --END-- [ RunTime:0.000130s ]
INFO: Run Behavior\ParseTemplateBehavior [ RunTime:0.015118s ]
INFO: [ view_parse ] --END-- [ RunTime:0.015197s ]
INFO: [ view_filter ] --START--
INFO: Run Behavior\WriteHtmlCacheBehavior [ RunTime:0.000431s ]
INFO: [ view_filter ] --END-- [ RunTime:0.000493s ]
INFO: [ app_end ] --START--
INFO: Run Behavior\ShowPageTraceBehavior [ RunTime:0.000911s ]
INFO: [ app_end ] --END-- [ RunTime:0.000989s ]

[ 2015-06-04T23:06:27+08:00 ] ::1 /xingkong/Admin/Login/handle
INFO: [ app_init ] --START--
INFO: Run Behavior\BuildLiteBehavior [ RunTime:0.000023s ]
INFO: [ app_init ] --END-- [ RunTime:0.000422s ]
INFO: [ app_begin ] --START--
INFO: Run Behavior\ReadHtmlCacheBehavior [ RunTime:0.000654s ]
INFO: [ app_begin ] --END-- [ RunTime:0.000741s ]
SQL: SHOW COLUMNS FROM `cns_manger` [ RunTime:0.0032s ]
SQL: SELECT `id`,`login`,`password`,`status` FROM `cns_manger` WHERE `login` = 'cns' LIMIT 1   [ RunTime:0.0035s ]
SQL: UPDATE `cns_manger` SET `last_login_time`='1433430386',`last_login_ip`='0' WHERE `id` = 1 [ RunTime:0.0003s ]
INFO: [ app_end ] --START--
INFO: Run Behavior\ShowPageTraceBehavior [ RunTime:0.000603s ]
INFO: [ app_end ] --END-- [ RunTime:0.000665s ]

[ 2015-06-04T23:06:27+08:00 ] ::1 /xingkong/index.php/Admin
INFO: [ app_init ] --START--
INFO: Run Behavior\BuildLiteBehavior [ RunTime:0.000014s ]
INFO: [ app_init ] --END-- [ RunTime:0.000309s ]
INFO: [ app_begin ] --START--
INFO: Run Behavior\ReadHtmlCacheBehavior [ RunTime:0.000401s ]
INFO: [ app_begin ] --END-- [ RunTime:0.000454s ]
INFO: [ view_parse ] --START--
INFO: [ template_filter ] --START--
INFO: Run Behavior\ContentReplaceBehavior [ RunTime:0.000084s ]
INFO: [ template_filter ] --END-- [ RunTime:0.000162s ]
NOTIC: [8] Undefined variable: titleL2 /Applications/MAMP/htdocs/xingkong/Application/Runtime/Cache/Admin/b595b808c2ebeeeb0478ffc30bb4e87a.php 第 401 行.
INFO: Run Behavior\ParseTemplateBehavior [ RunTime:0.019664s ]
INFO: [ view_parse ] --END-- [ RunTime:0.019724s ]
INFO: [ view_filter ] --START--
INFO: Run Behavior\WriteHtmlCacheBehavior [ RunTime:0.000168s ]
INFO: [ view_filter ] --END-- [ RunTime:0.000222s ]
INFO: [ app_end ] --START--
INFO: Run Behavior\ShowPageTraceBehavior [ RunTime:0.000756s ]
INFO: [ app_end ] --END-- [ RunTime:0.000839s ]

[ 2015-06-04T23:06:36+08:00 ] ::1 /xingkong/Admin/Theater/add
INFO: [ app_init ] --START--
INFO: Run Behavior\BuildLiteBehavior [ RunTime:0.000024s ]
INFO: [ app_init ] --END-- [ RunTime:0.000451s ]
INFO: [ app_begin ] --START--
INFO: Run Behavior\ReadHtmlCacheBehavior [ RunTime:0.000523s ]
INFO: [ app_begin ] --END-- [ RunTime:0.000591s ]
SQL: SHOW COLUMNS FROM `cns_city` [ RunTime:0.0029s ]
SQL: SELECT `id`,`name` FROM `cns_city` WHERE ( status=1 )  [ RunTime:0.0006s ]
INFO: [ view_parse ] --START--
INFO: [ template_filter ] --START--
INFO: Run Behavior\ContentReplaceBehavior [ RunTime:0.000093s ]
INFO: [ template_filter ] --END-- [ RunTime:0.000161s ]
INFO: Run Behavior\ParseTemplateBehavior [ RunTime:0.022237s ]
INFO: [ view_parse ] --END-- [ RunTime:0.022322s ]
INFO: [ view_filter ] --START--
INFO: Run Behavior\WriteHtmlCacheBehavior [ RunTime:0.000147s ]
INFO: [ view_filter ] --END-- [ RunTime:0.000194s ]
INFO: [ app_end ] --START--
INFO: Run Behavior\ShowPageTraceBehavior [ RunTime:0.000660s ]
INFO: [ app_end ] --END-- [ RunTime:0.000788s ]

[ 2015-06-04T23:06:37+08:00 ] ::1 /xingkong/Admin/Theater/
INFO: [ app_init ] --START--
INFO: Run Behavior\BuildLiteBehavior [ RunTime:0.000098s ]
INFO: [ app_init ] --END-- [ RunTime:0.002758s ]
INFO: [ app_begin ] --START--
INFO: Run Behavior\ReadHtmlCacheBehavior [ RunTime:0.000689s ]
INFO: [ app_begin ] --END-- [ RunTime:0.000818s ]
SQL: SHOW COLUMNS FROM `cns_theater` [ RunTime:0.0107s ]
SQL: SHOW COLUMNS FROM `cns_city` [ RunTime:0.0021s ]
SQL: SELECT `id`,`name` FROM `cns_city` WHERE ( status=1 )  [ RunTime:0.0017s ]
SQL: SELECT COUNT(*) AS tp_count FROM `cns_theater` WHERE `city_id` = 1 LIMIT 1   [ RunTime:0.0028s ]
SQL: SELECT COUNT(*) AS tp_count FROM `cns_theater` WHERE `city_id` = 2 LIMIT 1   [ RunTime:0.0003s ]
SQL: SELECT COUNT(*) AS tp_count FROM `cns_theater` WHERE `city_id` = 3 LIMIT 1   [ RunTime:0.0002s ]
SQL: SELECT COUNT(*) AS tp_count FROM `cns_theater` WHERE `city_id` = 4 LIMIT 1   [ RunTime:0.0002s ]
SQL: SELECT COUNT(*) AS tp_count FROM `cns_theater` WHERE `city_id` = 5 LIMIT 1   [ RunTime:0.0004s ]
SQL: SELECT COUNT(*) AS tp_count FROM `cns_theater` WHERE `city_id` = 6 LIMIT 1   [ RunTime:0.0009s ]
SQL: SELECT COUNT(*) AS tp_count FROM `cns_theater` WHERE `city_id` = 7 LIMIT 1   [ RunTime:0.0009s ]
SQL: SELECT * FROM `cns_theater`  [ RunTime:0.0002s ]
SQL: SELECT `name` FROM `cns_city` WHERE `id` = 1 LIMIT 1   [ RunTime:0.0003s ]
INFO: [ view_parse ] --START--
INFO: [ template_filter ] --START--
INFO: Run Behavior\ContentReplaceBehavior [ RunTime:0.000087s ]
INFO: [ template_filter ] --END-- [ RunTime:0.000168s ]
INFO: Run Behavior\ParseTemplateBehavior [ RunTime:0.032629s ]
INFO: [ view_parse ] --END-- [ RunTime:0.032719s ]
INFO: [ view_filter ] --START--
INFO: Run Behavior\WriteHtmlCacheBehavior [ RunTime:0.000203s ]
INFO: [ view_filter ] --END-- [ RunTime:0.000257s ]
INFO: [ app_end ] --START--
INFO: Run Behavior\ShowPageTraceBehavior [ RunTime:0.001039s ]
INFO: [ app_end ] --END-- [ RunTime:0.001225s ]

[ 2015-06-04T23:06:38+08:00 ] ::1 /xingkong/Admin/Theater/index
INFO: [ app_init ] --START--
INFO: Run Behavior\BuildLiteBehavior [ RunTime:0.000014s ]
INFO: [ app_init ] --END-- [ RunTime:0.000313s ]
INFO: [ app_begin ] --START--
INFO: Run Behavior\ReadHtmlCacheBehavior [ RunTime:0.000661s ]
INFO: [ app_begin ] --END-- [ RunTime:0.000800s ]
SQL: SHOW COLUMNS FROM `cns_theater` [ RunTime:0.0090s ]
SQL: SHOW COLUMNS FROM `cns_city` [ RunTime:0.0011s ]
SQL: SELECT `id`,`name` FROM `cns_city` WHERE ( status=1 )  [ RunTime:0.0003s ]
SQL: SELECT COUNT(*) AS tp_count FROM `cns_theater` WHERE `city_id` = 1 LIMIT 1   [ RunTime:0.0002s ]
SQL: SELECT COUNT(*) AS tp_count FROM `cns_theater` WHERE `city_id` = 2 LIMIT 1   [ RunTime:0.0002s ]
SQL: SELECT COUNT(*) AS tp_count FROM `cns_theater` WHERE `city_id` = 3 LIMIT 1   [ RunTime:0.0002s ]
SQL: SELECT COUNT(*) AS tp_count FROM `cns_theater` WHERE `city_id` = 4 LIMIT 1   [ RunTime:0.0002s ]
SQL: SELECT COUNT(*) AS tp_count FROM `cns_theater` WHERE `city_id` = 5 LIMIT 1   [ RunTime:0.0002s ]
SQL: SELECT COUNT(*) AS tp_count FROM `cns_theater` WHERE `city_id` = 6 LIMIT 1   [ RunTime:0.0002s ]
SQL: SELECT COUNT(*) AS tp_count FROM `cns_theater` WHERE `city_id` = 7 LIMIT 1   [ RunTime:0.0002s ]
SQL: SELECT * FROM `cns_theater`  [ RunTime:0.0002s ]
SQL: SELECT `name` FROM `cns_city` WHERE `id` = 1 LIMIT 1   [ RunTime:0.0002s ]
INFO: [ view_parse ] --START--
INFO: [ template_filter ] --START--
INFO: Run Behavior\ContentReplaceBehavior [ RunTime:0.000087s ]
INFO: [ template_filter ] --END-- [ RunTime:0.000165s ]
INFO: Run Behavior\ParseTemplateBehavior [ RunTime:0.020497s ]
INFO: [ view_parse ] --END-- [ RunTime:0.020564s ]
INFO: [ view_filter ] --START--
INFO: Run Behavior\WriteHtmlCacheBehavior [ RunTime:0.000164s ]
INFO: [ view_filter ] --END-- [ RunTime:0.000219s ]
INFO: [ app_end ] --START--
INFO: Run Behavior\ShowPageTraceBehavior [ RunTime:0.000726s ]
INFO: [ app_end ] --END-- [ RunTime:0.000835s ]

[ 2015-06-04T23:06:42+08:00 ] ::1 /xingkong/Admin/Movie/index
INFO: [ app_init ] --START--
INFO: Run Behavior\BuildLiteBehavior [ RunTime:0.000020s ]
INFO: [ app_init ] --END-- [ RunTime:0.000429s ]
INFO: [ app_begin ] --START--
INFO: Run Behavior\ReadHtmlCacheBehavior [ RunTime:0.000788s ]
INFO: [ app_begin ] --END-- [ RunTime:0.000912s ]
SQL: SHOW COLUMNS FROM `cns_movie` [ RunTime:0.0032s ]
SQL: SHOW COLUMNS FROM `cns_category` [ RunTime:0.0023s ]
SQL: SELECT `id`,`name` FROM `cns_category` WHERE ( status=1 and type=2 )  [ RunTime:0.0006s ]
SQL: SELECT COUNT(*) AS tp_count FROM `cns_movie` WHERE `cate_id` = 4 LIMIT 1   [ RunTime:0.0005s ]
SQL: SELECT COUNT(*) AS tp_count FROM `cns_movie` WHERE `cate_id` = 5 LIMIT 1   [ RunTime:0.0002s ]
SQL: SELECT COUNT(*) AS tp_count FROM `cns_movie` WHERE `cate_id` = 6 LIMIT 1   [ RunTime:0.0002s ]
SQL: SELECT COUNT(*) AS tp_count FROM `cns_movie` WHERE `cate_id` = 7 LIMIT 1   [ RunTime:0.0002s ]
SQL: SELECT COUNT(*) AS tp_count FROM `cns_movie` WHERE `cate_id` = 8 LIMIT 1   [ RunTime:0.0002s ]
SQL: SELECT COUNT(*) AS tp_count FROM `cns_movie` LIMIT 1   [ RunTime:0.0002s ]
SQL: SELECT `name`,`cate_id`,`id`,`face40`,`intro` FROM `cns_movie` ORDER BY sort asc, id desc LIMIT 0,15   [ RunTime:0.0004s ]
SQL: SELECT `name` FROM `cns_category` WHERE `id` = 6 LIMIT 1   [ RunTime:0.0002s ]
SQL: SELECT `name` FROM `cns_category` WHERE `id` = 4 LIMIT 1   [ RunTime:0.0002s ]
SQL: SELECT `name` FROM `cns_category` WHERE `id` = 4 LIMIT 1   [ RunTime:0.0002s ]
SQL: SELECT `name` FROM `cns_category` WHERE `id` = 4 LIMIT 1   [ RunTime:0.0002s ]
SQL: SELECT `name` FROM `cns_category` WHERE `id` = 6 LIMIT 1   [ RunTime:0.0002s ]
SQL: SELECT `name` FROM `cns_category` WHERE `id` = 6 LIMIT 1   [ RunTime:0.0002s ]
SQL: SELECT `name` FROM `cns_category` WHERE `id` = 5 LIMIT 1   [ RunTime:0.0002s ]
SQL: SELECT `name` FROM `cns_category` WHERE `id` = 4 LIMIT 1   [ RunTime:0.0002s ]
SQL: SELECT `name` FROM `cns_category` WHERE `id` = 4 LIMIT 1   [ RunTime:0.0002s ]
INFO: [ view_parse ] --START--
INFO: [ template_filter ] --START--
INFO: Run Behavior\ContentReplaceBehavior [ RunTime:0.000073s ]
INFO: [ template_filter ] --END-- [ RunTime:0.000143s ]
INFO: Run Behavior\ParseTemplateBehavior [ RunTime:0.020395s ]
INFO: [ view_parse ] --END-- [ RunTime:0.020477s ]
INFO: [ view_filter ] --START--
INFO: Run Behavior\WriteHtmlCacheBehavior [ RunTime:0.000151s ]
INFO: [ view_filter ] --END-- [ RunTime:0.000202s ]
INFO: [ app_end ] --START--
INFO: Run Behavior\ShowPageTraceBehavior [ RunTime:0.000497s ]
INFO: [ app_end ] --END-- [ RunTime:0.000566s ]

[ 2015-06-04T23:06:49+08:00 ] ::1 /xingkong/Admin/Movie/index/cid/6
INFO: [ app_init ] --START--
INFO: Run Behavior\BuildLiteBehavior [ RunTime:0.000015s ]
INFO: [ app_init ] --END-- [ RunTime:0.000315s ]
INFO: [ app_begin ] --START--
INFO: Run Behavior\ReadHtmlCacheBehavior [ RunTime:0.000413s ]
INFO: [ app_begin ] --END-- [ RunTime:0.000468s ]
SQL: SHOW COLUMNS FROM `cns_movie` [ RunTime:0.0104s ]
SQL: SHOW COLUMNS FROM `cns_category` [ RunTime:0.0021s ]
SQL: SELECT `id`,`name` FROM `cns_category` WHERE ( status=1 and type=2 )  [ RunTime:0.0003s ]
SQL: SELECT COUNT(*) AS tp_count FROM `cns_movie` WHERE `cate_id` = 4 LIMIT 1   [ RunTime:0.0002s ]
SQL: SELECT COUNT(*) AS tp_count FROM `cns_movie` WHERE `cate_id` = 5 LIMIT 1   [ RunTime:0.0002s ]
SQL: SELECT COUNT(*) AS tp_count FROM `cns_movie` WHERE `cate_id` = 6 LIMIT 1   [ RunTime:0.0002s ]
SQL: SELECT COUNT(*) AS tp_count FROM `cns_movie` WHERE `cate_id` = 7 LIMIT 1   [ RunTime:0.0002s ]
SQL: SELECT COUNT(*) AS tp_count FROM `cns_movie` WHERE `cate_id` = 8 LIMIT 1   [ RunTime:0.0002s ]
SQL: SELECT COUNT(*) AS tp_count FROM `cns_movie` WHERE `cate_id` = 6 LIMIT 1   [ RunTime:0.0002s ]
SQL: SELECT `name`,`cate_id`,`id`,`face40`,`intro` FROM `cns_movie` WHERE `cate_id` = 6 ORDER BY sort asc, id desc LIMIT 0,15   [ RunTime:0.0005s ]
SQL: SELECT `name` FROM `cns_category` WHERE `id` = 6 LIMIT 1   [ RunTime:0.0002s ]
SQL: SELECT `name` FROM `cns_category` WHERE `id` = 6 LIMIT 1   [ RunTime:0.0002s ]
SQL: SELECT `name` FROM `cns_category` WHERE `id` = 6 LIMIT 1   [ RunTime:0.0002s ]
INFO: [ view_parse ] --START--
INFO: [ template_filter ] --START--
INFO: Run Behavior\ContentReplaceBehavior [ RunTime:0.000083s ]
INFO: [ template_filter ] --END-- [ RunTime:0.000149s ]
INFO: Run Behavior\ParseTemplateBehavior [ RunTime:0.020689s ]
INFO: [ view_parse ] --END-- [ RunTime:0.020762s ]
INFO: [ view_filter ] --START--
INFO: Run Behavior\WriteHtmlCacheBehavior [ RunTime:0.000146s ]
INFO: [ view_filter ] --END-- [ RunTime:0.000192s ]
INFO: [ app_end ] --START--
INFO: Run Behavior\ShowPageTraceBehavior [ RunTime:0.000868s ]
INFO: [ app_end ] --END-- [ RunTime:0.001002s ]

